Removed Pin From Net: NetName=+12V Pin=P1-1
Removed Pin From Net: NetName=+3V3 Pin=P1-2
Removed Pin From Net: NetName=STP1 Pin=P1-3
Removed Pin From Net: NetName=STP2 Pin=P1-4
Removed Pin From Net: NetName=Sleep Pin=P1-5
Removed Pin From Net: NetName=DIR1 Pin=P1-6
Removed Pin From Net: NetName=DIR2 Pin=P1-7
Removed Pin From Net: NetName=FAN Pin=P1-8
Removed Pin From Net: NetName=E_SW1 Pin=P1-9
Removed Pin From Net: NetName=E_SW2 Pin=P1-10
Removed Pin From Net: NetName=E_SW3 Pin=P1-11
Removed Pin From Net: NetName=E_SW4 Pin=P1-12
Removed Pin From Net: NetName=GND Pin=P1-13
Change Component Footprint: Designator=P1 Old Footprint=HDR1X13 New Footprint=HDR1X7
Change Component Comment : Designator=P1 Old Comment=Header 13 New Comment=Header 7
Added Component: Designator=P2(HDR1X7)
Add component. Clean all parameters for all variants
Add component (AddParameter): Name = "LatestRevisionDate"; Value = "17-Jul-2002"; VariantName = "[No Variations]"
Add component (AddParameter): Name = "LatestRevisionNote"; Value = "Re-released for DXP Platform."; VariantName = "[No Variations]"
Add component (AddParameter): Name = "Publisher"; Value = "Altium Limited"; VariantName = "[No Variations]"
Added Pin To Net: NetName=+3V3 Pin=P1-1
Added Pin To Net: NetName=STP1 Pin=P1-2
Added Pin To Net: NetName=STP2 Pin=P1-3
Added Pin To Net: NetName=Sleep Pin=P1-4
Added Pin To Net: NetName=DIR1 Pin=P1-5
Added Pin To Net: NetName=DIR2 Pin=P1-6
Added Pin To Net: NetName=GND Pin=P1-7
Added Pin To Net: NetName=+12V Pin=P2-1
Added Pin To Net: NetName=FAN Pin=P2-2
Added Pin To Net: NetName=E_SW1 Pin=P2-3
Added Pin To Net: NetName=E_SW2 Pin=P2-4
Added Pin To Net: NetName=E_SW3 Pin=P2-5
Added Pin To Net: NetName=E_SW4 Pin=P2-6
Added Pin To Net: NetName=GND Pin=P2-7
Added Member To Class: ClassName=Front_PCB Member=Component P2 Header 7
