Removed Pin From Net: NetName=+12V Pin=P2-1
Removed Pin From Net: NetName=FAN Pin=P2-2
Removed Pin From Net: NetName=E_SW1 Pin=P2-3
Removed Pin From Net: NetName=E_SW2 Pin=P2-4
Removed Pin From Net: NetName=E_SW3 Pin=P2-5
Removed Pin From Net: NetName=E_SW4 Pin=P2-6
Removed Pin From Net: NetName=GND Pin=P2-7
Removed Member From Class: ClassName=Front_PCB Member=P2
Change Component Footprint: Designator=P1 Old Footprint=HDR1X7 New Footprint=micro_Match
Change Component Comment : Designator=P1 Old Comment=Header 7 New Comment=micro_match
Change component parameters: Designator = "R1"; Footprint = "RES0603"; UniqueID = "\QWPKWAVM"
Change component parameters. Clean all parameters for all variants
Change component parameters (AddParameter): Name = "Case Size"; Value = "0603 (1608 Metric)"; VariantName = "[No Variations]"
Change component parameters (AddParameter): Name = "ComponentLink1Description"; Value = "https://datasheet.ciiva.com/11808/0900766b80fe20f7-11808039.pdf"; VariantName = "[No Variations]"
Change component parameters (AddParameter): Name = "ComponentLink1URL"; Value = "https://datasheet.ciiva.com/11808/0900766b80fe20f7-11808039.pdf"; VariantName = "[No Variations]"
Change component parameters (AddParameter): Name = "ComponentLink2Description"; Value = "https://datasheet.ciiva.com/29183/451124-da-01-en-widerstand-0603-era-29183789.pdf"; VariantName = "[No Variations]"
Change component parameters (AddParameter): Name = "ComponentLink2URL"; Value = "https://datasheet.ciiva.com/29183/451124-da-01-en-widerstand-0603-era-29183789.pdf"; VariantName = "[No Variations]"
Change component parameters (AddParameter): Name = "ComponentLink3Description"; Value = "https://datasheet.ciiva.com/22743/485442-22743061.pdf"; VariantName = "[No Variations]"
Change component parameters (AddParameter): Name = "ComponentLink3URL"; Value = "https://datasheet.ciiva.com/22743/485442-22743061.pdf"; VariantName = "[No Variations]"
Change component parameters (AddParameter): Name = "ComponentLink4Description"; Value = "https://datasheet.ciiva.com/46422/485442-46422693.pdf"; VariantName = "[No Variations]"
Change component parameters (AddParameter): Name = "ComponentLink4URL"; Value = "https://datasheet.ciiva.com/46422/485442-46422693.pdf"; VariantName = "[No Variations]"
Change component parameters (AddParameter): Name = "ComponentLink5Description"; Value = "https://datasheet.ciiva.com/9116/aoa0000ce26-9116681.pdf"; VariantName = "[No Variations]"
Change component parameters (AddParameter): Name = "ComponentLink5URL"; Value = "https://datasheet.ciiva.com/9116/aoa0000ce26-9116681.pdf"; VariantName = "[No Variations]"
Change component parameters (AddParameter): Name = "ComponentLink6Description"; Value = "https://datasheet.ciiva.com/22781/485442-22781497.pdf"; VariantName = "[No Variations]"
Change component parameters (AddParameter): Name = "ComponentLink6URL"; Value = "https://datasheet.ciiva.com/22781/485442-22781497.pdf"; VariantName = "[No Variations]"
Change component parameters (AddParameter): Name = "ComponentLink7Description"; Value = "https://datasheet.ciiva.com/9117/aoa0000ce26-9117707.pdf"; VariantName = "[No Variations]"
Change component parameters (AddParameter): Name = "ComponentLink7URL"; Value = "https://datasheet.ciiva.com/9117/aoa0000ce26-9117707.pdf"; VariantName = "[No Variations]"
Change component parameters (AddParameter): Name = "ComponentLink8Description"; Value = "https://datasheet.ciiva.com/43455/485442-43455227.pdf"; VariantName = "[No Variations]"
Change component parameters (AddParameter): Name = "ComponentLink8URL"; Value = "https://datasheet.ciiva.com/43455/485442-43455227.pdf"; VariantName = "[No Variations]"
Change component parameters (AddParameter): Name = "ComponentLink9Description"; Value = "https://datasheet.ciiva.com/16772/70068849-16772572.pdf"; VariantName = "[No Variations]"
Change component parameters (AddParameter): Name = "ComponentLink9URL"; Value = "https://datasheet.ciiva.com/16772/70068849-16772572.pdf"; VariantName = "[No Variations]"
Change component parameters (AddParameter): Name = "ComponentLink10Description"; Value = "https://datasheet.ciiva.com/48425/era-eng-tds-48425470.pdf"; VariantName = "[No Variations]"
Change component parameters (AddParameter): Name = "ComponentLink10URL"; Value = "https://datasheet.ciiva.com/48425/era-eng-tds-48425470.pdf"; VariantName = "[No Variations]"
Change component parameters (AddParameter): Name = "ComponentLink11Description"; Value = "https://datasheet.ciiva.com/30078/54aoa0000ce26-30078815.pdf"; VariantName = "[No Variations]"
Change component parameters (AddParameter): Name = "ComponentLink11URL"; Value = "https://datasheet.ciiva.com/30078/54aoa0000ce26-30078815.pdf"; VariantName = "[No Variations]"
Change component parameters (AddParameter): Name = "Height - Max"; Value = "0.55 mm"; VariantName = "[No Variations]"
Change component parameters (AddParameter): Name = "Manufacturer"; Value = "Panasonic"; VariantName = "[No Variations]"
Change component parameters (AddParameter): Name = "Manufacturer Part Number"; Value = "ERA-3AEB472V"; VariantName = "[No Variations]"
Change component parameters (AddParameter): Name = "No. of Terminations"; Value = "2"; VariantName = "[No Variations]"
Change component parameters (AddParameter): Name = "Operating Temp Range"; Value = "-55 to +155 °C"; VariantName = "[No Variations]"
Change component parameters (AddParameter): Name = "Overload Voltage - Max"; Value = "150 V"; VariantName = "[No Variations]"
Change component parameters (AddParameter): Name = "Pricing 1"; Value = "10=0.191, 100=0.109, 500=0.0637, 2500=0.0489 (EUR)"; VariantName = "[No Variations]"
Change component parameters (AddParameter): Name = "Rated Power"; Value = "0.1 W"; VariantName = "[No Variations]"
Change component parameters (AddParameter): Name = "Resistance"; Value = "4.7 kO"; VariantName = "[No Variations]"
Change component parameters (AddParameter): Name = "Stock 1"; Value = "4010"; VariantName = "[No Variations]"
Change component parameters (AddParameter): Name = "Supplier 1"; Value = "Farnell"; VariantName = "[No Variations]"
Change component parameters (AddParameter): Name = "Supplier Part Number 1"; Value = "1577615"; VariantName = "[No Variations]"
Change component parameters (AddParameter): Name = "Technology"; Value = "Thin Film"; VariantName = "[No Variations]"
Change component parameters (AddParameter): Name = "Temp Coefficient"; Value = "±25 ppm/°C"; VariantName = "[No Variations]"
Change component parameters (AddParameter): Name = "Tolerance (%)"; Value = "±0.1 %"; VariantName = "[No Variations]"
Change component parameters (AddParameter): Name = "Working Voltage-Nom"; Value = "75 V"; VariantName = "[No Variations]"
Change component parameters: Designator = "R2"; Footprint = "RES0603"; UniqueID = "\XVPGDUIL"
Change component parameters. Clean all parameters for all variants
Change component parameters (AddParameter): Name = "Case Size"; Value = "0603 (1608 Metric)"; VariantName = "[No Variations]"
Change component parameters (AddParameter): Name = "ComponentLink1Description"; Value = "https://datasheet.ciiva.com/11808/0900766b80fe20f7-11808039.pdf"; VariantName = "[No Variations]"
Change component parameters (AddParameter): Name = "ComponentLink1URL"; Value = "https://datasheet.ciiva.com/11808/0900766b80fe20f7-11808039.pdf"; VariantName = "[No Variations]"
Change component parameters (AddParameter): Name = "ComponentLink2Description"; Value = "https://datasheet.ciiva.com/29183/451124-da-01-en-widerstand-0603-era-29183789.pdf"; VariantName = "[No Variations]"
Change component parameters (AddParameter): Name = "ComponentLink2URL"; Value = "https://datasheet.ciiva.com/29183/451124-da-01-en-widerstand-0603-era-29183789.pdf"; VariantName = "[No Variations]"
Change component parameters (AddParameter): Name = "ComponentLink3Description"; Value = "https://datasheet.ciiva.com/22743/485442-22743061.pdf"; VariantName = "[No Variations]"
Change component parameters (AddParameter): Name = "ComponentLink3URL"; Value = "https://datasheet.ciiva.com/22743/485442-22743061.pdf"; VariantName = "[No Variations]"
Change component parameters (AddParameter): Name = "ComponentLink4Description"; Value = "https://datasheet.ciiva.com/46422/485442-46422693.pdf"; VariantName = "[No Variations]"
Change component parameters (AddParameter): Name = "ComponentLink4URL"; Value = "https://datasheet.ciiva.com/46422/485442-46422693.pdf"; VariantName = "[No Variations]"
Change component parameters (AddParameter): Name = "ComponentLink5Description"; Value = "https://datasheet.ciiva.com/9116/aoa0000ce26-9116681.pdf"; VariantName = "[No Variations]"
Change component parameters (AddParameter): Name = "ComponentLink5URL"; Value = "https://datasheet.ciiva.com/9116/aoa0000ce26-9116681.pdf"; VariantName = "[No Variations]"
Change component parameters (AddParameter): Name = "ComponentLink6Description"; Value = "https://datasheet.ciiva.com/22781/485442-22781497.pdf"; VariantName = "[No Variations]"
Change component parameters (AddParameter): Name = "ComponentLink6URL"; Value = "https://datasheet.ciiva.com/22781/485442-22781497.pdf"; VariantName = "[No Variations]"
Change component parameters (AddParameter): Name = "ComponentLink7Description"; Value = "https://datasheet.ciiva.com/9117/aoa0000ce26-9117707.pdf"; VariantName = "[No Variations]"
Change component parameters (AddParameter): Name = "ComponentLink7URL"; Value = "https://datasheet.ciiva.com/9117/aoa0000ce26-9117707.pdf"; VariantName = "[No Variations]"
Change component parameters (AddParameter): Name = "ComponentLink8Description"; Value = "https://datasheet.ciiva.com/43455/485442-43455227.pdf"; VariantName = "[No Variations]"
Change component parameters (AddParameter): Name = "ComponentLink8URL"; Value = "https://datasheet.ciiva.com/43455/485442-43455227.pdf"; VariantName = "[No Variations]"
Change component parameters (AddParameter): Name = "ComponentLink9Description"; Value = "https://datasheet.ciiva.com/16772/70068849-16772572.pdf"; VariantName = "[No Variations]"
Change component parameters (AddParameter): Name = "ComponentLink9URL"; Value = "https://datasheet.ciiva.com/16772/70068849-16772572.pdf"; VariantName = "[No Variations]"
Change component parameters (AddParameter): Name = "ComponentLink10Description"; Value = "https://datasheet.ciiva.com/48425/era-eng-tds-48425470.pdf"; VariantName = "[No Variations]"
Change component parameters (AddParameter): Name = "ComponentLink10URL"; Value = "https://datasheet.ciiva.com/48425/era-eng-tds-48425470.pdf"; VariantName = "[No Variations]"
Change component parameters (AddParameter): Name = "ComponentLink11Description"; Value = "https://datasheet.ciiva.com/30078/54aoa0000ce26-30078815.pdf"; VariantName = "[No Variations]"
Change component parameters (AddParameter): Name = "ComponentLink11URL"; Value = "https://datasheet.ciiva.com/30078/54aoa0000ce26-30078815.pdf"; VariantName = "[No Variations]"
Change component parameters (AddParameter): Name = "Height - Max"; Value = "0.55 mm"; VariantName = "[No Variations]"
Change component parameters (AddParameter): Name = "Manufacturer"; Value = "Panasonic"; VariantName = "[No Variations]"
Change component parameters (AddParameter): Name = "Manufacturer Part Number"; Value = "ERA-3AEB472V"; VariantName = "[No Variations]"
Change component parameters (AddParameter): Name = "No. of Terminations"; Value = "2"; VariantName = "[No Variations]"
Change component parameters (AddParameter): Name = "Operating Temp Range"; Value = "-55 to +155 °C"; VariantName = "[No Variations]"
Change component parameters (AddParameter): Name = "Overload Voltage - Max"; Value = "150 V"; VariantName = "[No Variations]"
Change component parameters (AddParameter): Name = "Pricing 1"; Value = "10=0.191, 100=0.109, 500=0.0637, 2500=0.0489 (EUR)"; VariantName = "[No Variations]"
Change component parameters (AddParameter): Name = "Rated Power"; Value = "0.1 W"; VariantName = "[No Variations]"
Change component parameters (AddParameter): Name = "Resistance"; Value = "4.7 kO"; VariantName = "[No Variations]"
Change component parameters (AddParameter): Name = "Stock 1"; Value = "4010"; VariantName = "[No Variations]"
Change component parameters (AddParameter): Name = "Supplier 1"; Value = "Farnell"; VariantName = "[No Variations]"
Change component parameters (AddParameter): Name = "Supplier Part Number 1"; Value = "1577615"; VariantName = "[No Variations]"
Change component parameters (AddParameter): Name = "Technology"; Value = "Thin Film"; VariantName = "[No Variations]"
Change component parameters (AddParameter): Name = "Temp Coefficient"; Value = "±25 ppm/°C"; VariantName = "[No Variations]"
Change component parameters (AddParameter): Name = "Tolerance (%)"; Value = "±0.1 %"; VariantName = "[No Variations]"
Change component parameters (AddParameter): Name = "Working Voltage-Nom"; Value = "75 V"; VariantName = "[No Variations]"
Change component parameters: Designator = "R3"; Footprint = "RES0603"; UniqueID = "\RFBTEYUN"
Change component parameters. Clean all parameters for all variants
Change component parameters (AddParameter): Name = "Case Size"; Value = "0603 (1608 Metric)"; VariantName = "[No Variations]"
Change component parameters (AddParameter): Name = "ComponentLink1Description"; Value = "https://datasheet.ciiva.com/11808/0900766b80fe20f7-11808039.pdf"; VariantName = "[No Variations]"
Change component parameters (AddParameter): Name = "ComponentLink1URL"; Value = "https://datasheet.ciiva.com/11808/0900766b80fe20f7-11808039.pdf"; VariantName = "[No Variations]"
Change component parameters (AddParameter): Name = "ComponentLink2Description"; Value = "https://datasheet.ciiva.com/29183/451124-da-01-en-widerstand-0603-era-29183789.pdf"; VariantName = "[No Variations]"
Change component parameters (AddParameter): Name = "ComponentLink2URL"; Value = "https://datasheet.ciiva.com/29183/451124-da-01-en-widerstand-0603-era-29183789.pdf"; VariantName = "[No Variations]"
Change component parameters (AddParameter): Name = "ComponentLink3Description"; Value = "https://datasheet.ciiva.com/22743/485442-22743061.pdf"; VariantName = "[No Variations]"
Change component parameters (AddParameter): Name = "ComponentLink3URL"; Value = "https://datasheet.ciiva.com/22743/485442-22743061.pdf"; VariantName = "[No Variations]"
Change component parameters (AddParameter): Name = "ComponentLink4Description"; Value = "https://datasheet.ciiva.com/46422/485442-46422693.pdf"; VariantName = "[No Variations]"
Change component parameters (AddParameter): Name = "ComponentLink4URL"; Value = "https://datasheet.ciiva.com/46422/485442-46422693.pdf"; VariantName = "[No Variations]"
Change component parameters (AddParameter): Name = "ComponentLink5Description"; Value = "https://datasheet.ciiva.com/9116/aoa0000ce26-9116681.pdf"; VariantName = "[No Variations]"
Change component parameters (AddParameter): Name = "ComponentLink5URL"; Value = "https://datasheet.ciiva.com/9116/aoa0000ce26-9116681.pdf"; VariantName = "[No Variations]"
Change component parameters (AddParameter): Name = "ComponentLink6Description"; Value = "https://datasheet.ciiva.com/22781/485442-22781497.pdf"; VariantName = "[No Variations]"
Change component parameters (AddParameter): Name = "ComponentLink6URL"; Value = "https://datasheet.ciiva.com/22781/485442-22781497.pdf"; VariantName = "[No Variations]"
Change component parameters (AddParameter): Name = "ComponentLink7Description"; Value = "https://datasheet.ciiva.com/9117/aoa0000ce26-9117707.pdf"; VariantName = "[No Variations]"
Change component parameters (AddParameter): Name = "ComponentLink7URL"; Value = "https://datasheet.ciiva.com/9117/aoa0000ce26-9117707.pdf"; VariantName = "[No Variations]"
Change component parameters (AddParameter): Name = "ComponentLink8Description"; Value = "https://datasheet.ciiva.com/43455/485442-43455227.pdf"; VariantName = "[No Variations]"
Change component parameters (AddParameter): Name = "ComponentLink8URL"; Value = "https://datasheet.ciiva.com/43455/485442-43455227.pdf"; VariantName = "[No Variations]"
Change component parameters (AddParameter): Name = "ComponentLink9Description"; Value = "https://datasheet.ciiva.com/16772/70068849-16772572.pdf"; VariantName = "[No Variations]"
Change component parameters (AddParameter): Name = "ComponentLink9URL"; Value = "https://datasheet.ciiva.com/16772/70068849-16772572.pdf"; VariantName = "[No Variations]"
Change component parameters (AddParameter): Name = "ComponentLink10Description"; Value = "https://datasheet.ciiva.com/48425/era-eng-tds-48425470.pdf"; VariantName = "[No Variations]"
Change component parameters (AddParameter): Name = "ComponentLink10URL"; Value = "https://datasheet.ciiva.com/48425/era-eng-tds-48425470.pdf"; VariantName = "[No Variations]"
Change component parameters (AddParameter): Name = "ComponentLink11Description"; Value = "https://datasheet.ciiva.com/30078/54aoa0000ce26-30078815.pdf"; VariantName = "[No Variations]"
Change component parameters (AddParameter): Name = "ComponentLink11URL"; Value = "https://datasheet.ciiva.com/30078/54aoa0000ce26-30078815.pdf"; VariantName = "[No Variations]"
Change component parameters (AddParameter): Name = "Height - Max"; Value = "0.55 mm"; VariantName = "[No Variations]"
Change component parameters (AddParameter): Name = "Manufacturer"; Value = "Panasonic"; VariantName = "[No Variations]"
Change component parameters (AddParameter): Name = "Manufacturer Part Number"; Value = "ERA-3AEB472V"; VariantName = "[No Variations]"
Change component parameters (AddParameter): Name = "No. of Terminations"; Value = "2"; VariantName = "[No Variations]"
Change component parameters (AddParameter): Name = "Operating Temp Range"; Value = "-55 to +155 °C"; VariantName = "[No Variations]"
Change component parameters (AddParameter): Name = "Overload Voltage - Max"; Value = "150 V"; VariantName = "[No Variations]"
Change component parameters (AddParameter): Name = "Pricing 1"; Value = "10=0.191, 100=0.109, 500=0.0637, 2500=0.0489 (EUR)"; VariantName = "[No Variations]"
Change component parameters (AddParameter): Name = "Rated Power"; Value = "0.1 W"; VariantName = "[No Variations]"
Change component parameters (AddParameter): Name = "Resistance"; Value = "4.7 kO"; VariantName = "[No Variations]"
Change component parameters (AddParameter): Name = "Stock 1"; Value = "4010"; VariantName = "[No Variations]"
Change component parameters (AddParameter): Name = "Supplier 1"; Value = "Farnell"; VariantName = "[No Variations]"
Change component parameters (AddParameter): Name = "Supplier Part Number 1"; Value = "1577615"; VariantName = "[No Variations]"
Change component parameters (AddParameter): Name = "Technology"; Value = "Thin Film"; VariantName = "[No Variations]"
Change component parameters (AddParameter): Name = "Temp Coefficient"; Value = "±25 ppm/°C"; VariantName = "[No Variations]"
Change component parameters (AddParameter): Name = "Tolerance (%)"; Value = "±0.1 %"; VariantName = "[No Variations]"
Change component parameters (AddParameter): Name = "Working Voltage-Nom"; Value = "75 V"; VariantName = "[No Variations]"
Change component parameters: Designator = "R4"; Footprint = "RES0603"; UniqueID = "\WABOGOIS"
Change component parameters. Clean all parameters for all variants
Change component parameters (AddParameter): Name = "Case Size"; Value = "0603 (1608 Metric)"; VariantName = "[No Variations]"
Change component parameters (AddParameter): Name = "ComponentLink1Description"; Value = "https://datasheet.ciiva.com/11808/0900766b80fe20f7-11808039.pdf"; VariantName = "[No Variations]"
Change component parameters (AddParameter): Name = "ComponentLink1URL"; Value = "https://datasheet.ciiva.com/11808/0900766b80fe20f7-11808039.pdf"; VariantName = "[No Variations]"
Change component parameters (AddParameter): Name = "ComponentLink2Description"; Value = "https://datasheet.ciiva.com/29183/451124-da-01-en-widerstand-0603-era-29183789.pdf"; VariantName = "[No Variations]"
Change component parameters (AddParameter): Name = "ComponentLink2URL"; Value = "https://datasheet.ciiva.com/29183/451124-da-01-en-widerstand-0603-era-29183789.pdf"; VariantName = "[No Variations]"
Change component parameters (AddParameter): Name = "ComponentLink3Description"; Value = "https://datasheet.ciiva.com/22743/485442-22743061.pdf"; VariantName = "[No Variations]"
Change component parameters (AddParameter): Name = "ComponentLink3URL"; Value = "https://datasheet.ciiva.com/22743/485442-22743061.pdf"; VariantName = "[No Variations]"
Change component parameters (AddParameter): Name = "ComponentLink4Description"; Value = "https://datasheet.ciiva.com/46422/485442-46422693.pdf"; VariantName = "[No Variations]"
Change component parameters (AddParameter): Name = "ComponentLink4URL"; Value = "https://datasheet.ciiva.com/46422/485442-46422693.pdf"; VariantName = "[No Variations]"
Change component parameters (AddParameter): Name = "ComponentLink5Description"; Value = "https://datasheet.ciiva.com/9116/aoa0000ce26-9116681.pdf"; VariantName = "[No Variations]"
Change component parameters (AddParameter): Name = "ComponentLink5URL"; Value = "https://datasheet.ciiva.com/9116/aoa0000ce26-9116681.pdf"; VariantName = "[No Variations]"
Change component parameters (AddParameter): Name = "ComponentLink6Description"; Value = "https://datasheet.ciiva.com/22781/485442-22781497.pdf"; VariantName = "[No Variations]"
Change component parameters (AddParameter): Name = "ComponentLink6URL"; Value = "https://datasheet.ciiva.com/22781/485442-22781497.pdf"; VariantName = "[No Variations]"
Change component parameters (AddParameter): Name = "ComponentLink7Description"; Value = "https://datasheet.ciiva.com/9117/aoa0000ce26-9117707.pdf"; VariantName = "[No Variations]"
Change component parameters (AddParameter): Name = "ComponentLink7URL"; Value = "https://datasheet.ciiva.com/9117/aoa0000ce26-9117707.pdf"; VariantName = "[No Variations]"
Change component parameters (AddParameter): Name = "ComponentLink8Description"; Value = "https://datasheet.ciiva.com/43455/485442-43455227.pdf"; VariantName = "[No Variations]"
Change component parameters (AddParameter): Name = "ComponentLink8URL"; Value = "https://datasheet.ciiva.com/43455/485442-43455227.pdf"; VariantName = "[No Variations]"
Change component parameters (AddParameter): Name = "ComponentLink9Description"; Value = "https://datasheet.ciiva.com/16772/70068849-16772572.pdf"; VariantName = "[No Variations]"
Change component parameters (AddParameter): Name = "ComponentLink9URL"; Value = "https://datasheet.ciiva.com/16772/70068849-16772572.pdf"; VariantName = "[No Variations]"
Change component parameters (AddParameter): Name = "ComponentLink10Description"; Value = "https://datasheet.ciiva.com/48425/era-eng-tds-48425470.pdf"; VariantName = "[No Variations]"
Change component parameters (AddParameter): Name = "ComponentLink10URL"; Value = "https://datasheet.ciiva.com/48425/era-eng-tds-48425470.pdf"; VariantName = "[No Variations]"
Change component parameters (AddParameter): Name = "ComponentLink11Description"; Value = "https://datasheet.ciiva.com/30078/54aoa0000ce26-30078815.pdf"; VariantName = "[No Variations]"
Change component parameters (AddParameter): Name = "ComponentLink11URL"; Value = "https://datasheet.ciiva.com/30078/54aoa0000ce26-30078815.pdf"; VariantName = "[No Variations]"
Change component parameters (AddParameter): Name = "Height - Max"; Value = "0.55 mm"; VariantName = "[No Variations]"
Change component parameters (AddParameter): Name = "Manufacturer"; Value = "Panasonic"; VariantName = "[No Variations]"
Change component parameters (AddParameter): Name = "Manufacturer Part Number"; Value = "ERA-3AEB472V"; VariantName = "[No Variations]"
Change component parameters (AddParameter): Name = "No. of Terminations"; Value = "2"; VariantName = "[No Variations]"
Change component parameters (AddParameter): Name = "Operating Temp Range"; Value = "-55 to +155 °C"; VariantName = "[No Variations]"
Change component parameters (AddParameter): Name = "Overload Voltage - Max"; Value = "150 V"; VariantName = "[No Variations]"
Change component parameters (AddParameter): Name = "Pricing 1"; Value = "10=0.191, 100=0.109, 500=0.0637, 2500=0.0489 (EUR)"; VariantName = "[No Variations]"
Change component parameters (AddParameter): Name = "Rated Power"; Value = "0.1 W"; VariantName = "[No Variations]"
Change component parameters (AddParameter): Name = "Resistance"; Value = "4.7 kO"; VariantName = "[No Variations]"
Change component parameters (AddParameter): Name = "Stock 1"; Value = "4010"; VariantName = "[No Variations]"
Change component parameters (AddParameter): Name = "Supplier 1"; Value = "Farnell"; VariantName = "[No Variations]"
Change component parameters (AddParameter): Name = "Supplier Part Number 1"; Value = "1577615"; VariantName = "[No Variations]"
Change component parameters (AddParameter): Name = "Technology"; Value = "Thin Film"; VariantName = "[No Variations]"
Change component parameters (AddParameter): Name = "Temp Coefficient"; Value = "±25 ppm/°C"; VariantName = "[No Variations]"
Change component parameters (AddParameter): Name = "Tolerance (%)"; Value = "±0.1 %"; VariantName = "[No Variations]"
Change component parameters (AddParameter): Name = "Working Voltage-Nom"; Value = "75 V"; VariantName = "[No Variations]"
Change component parameters: Designator = "R5"; Footprint = "RES0603"; UniqueID = "\NPUACWCC"
Change component parameters. Clean all parameters for all variants
Change component parameters (AddParameter): Name = "Case Size"; Value = "0603 (1608 Metric)"; VariantName = "[No Variations]"
Change component parameters (AddParameter): Name = "ComponentLink1Description"; Value = "https://datasheet.ciiva.com/11808/0900766b80fe20f7-11808039.pdf"; VariantName = "[No Variations]"
Change component parameters (AddParameter): Name = "ComponentLink1URL"; Value = "https://datasheet.ciiva.com/11808/0900766b80fe20f7-11808039.pdf"; VariantName = "[No Variations]"
Change component parameters (AddParameter): Name = "ComponentLink2Description"; Value = "https://datasheet.ciiva.com/29183/451124-da-01-en-widerstand-0603-era-29183789.pdf"; VariantName = "[No Variations]"
Change component parameters (AddParameter): Name = "ComponentLink2URL"; Value = "https://datasheet.ciiva.com/29183/451124-da-01-en-widerstand-0603-era-29183789.pdf"; VariantName = "[No Variations]"
Change component parameters (AddParameter): Name = "ComponentLink3Description"; Value = "https://datasheet.ciiva.com/22743/485442-22743061.pdf"; VariantName = "[No Variations]"
Change component parameters (AddParameter): Name = "ComponentLink3URL"; Value = "https://datasheet.ciiva.com/22743/485442-22743061.pdf"; VariantName = "[No Variations]"
Change component parameters (AddParameter): Name = "ComponentLink4Description"; Value = "https://datasheet.ciiva.com/46422/485442-46422693.pdf"; VariantName = "[No Variations]"
Change component parameters (AddParameter): Name = "ComponentLink4URL"; Value = "https://datasheet.ciiva.com/46422/485442-46422693.pdf"; VariantName = "[No Variations]"
Change component parameters (AddParameter): Name = "ComponentLink5Description"; Value = "https://datasheet.ciiva.com/9116/aoa0000ce26-9116681.pdf"; VariantName = "[No Variations]"
Change component parameters (AddParameter): Name = "ComponentLink5URL"; Value = "https://datasheet.ciiva.com/9116/aoa0000ce26-9116681.pdf"; VariantName = "[No Variations]"
Change component parameters (AddParameter): Name = "ComponentLink6Description"; Value = "https://datasheet.ciiva.com/22781/485442-22781497.pdf"; VariantName = "[No Variations]"
Change component parameters (AddParameter): Name = "ComponentLink6URL"; Value = "https://datasheet.ciiva.com/22781/485442-22781497.pdf"; VariantName = "[No Variations]"
Change component parameters (AddParameter): Name = "ComponentLink7Description"; Value = "https://datasheet.ciiva.com/9117/aoa0000ce26-9117707.pdf"; VariantName = "[No Variations]"
Change component parameters (AddParameter): Name = "ComponentLink7URL"; Value = "https://datasheet.ciiva.com/9117/aoa0000ce26-9117707.pdf"; VariantName = "[No Variations]"
Change component parameters (AddParameter): Name = "ComponentLink8Description"; Value = "https://datasheet.ciiva.com/43455/485442-43455227.pdf"; VariantName = "[No Variations]"
Change component parameters (AddParameter): Name = "ComponentLink8URL"; Value = "https://datasheet.ciiva.com/43455/485442-43455227.pdf"; VariantName = "[No Variations]"
Change component parameters (AddParameter): Name = "ComponentLink9Description"; Value = "https://datasheet.ciiva.com/16772/70068849-16772572.pdf"; VariantName = "[No Variations]"
Change component parameters (AddParameter): Name = "ComponentLink9URL"; Value = "https://datasheet.ciiva.com/16772/70068849-16772572.pdf"; VariantName = "[No Variations]"
Change component parameters (AddParameter): Name = "ComponentLink10Description"; Value = "https://datasheet.ciiva.com/48425/era-eng-tds-48425470.pdf"; VariantName = "[No Variations]"
Change component parameters (AddParameter): Name = "ComponentLink10URL"; Value = "https://datasheet.ciiva.com/48425/era-eng-tds-48425470.pdf"; VariantName = "[No Variations]"
Change component parameters (AddParameter): Name = "ComponentLink11Description"; Value = "https://datasheet.ciiva.com/30078/54aoa0000ce26-30078815.pdf"; VariantName = "[No Variations]"
Change component parameters (AddParameter): Name = "ComponentLink11URL"; Value = "https://datasheet.ciiva.com/30078/54aoa0000ce26-30078815.pdf"; VariantName = "[No Variations]"
Change component parameters (AddParameter): Name = "Height - Max"; Value = "0.55 mm"; VariantName = "[No Variations]"
Change component parameters (AddParameter): Name = "Manufacturer"; Value = "Panasonic"; VariantName = "[No Variations]"
Change component parameters (AddParameter): Name = "Manufacturer Part Number"; Value = "ERA-3AEB472V"; VariantName = "[No Variations]"
Change component parameters (AddParameter): Name = "No. of Terminations"; Value = "2"; VariantName = "[No Variations]"
Change component parameters (AddParameter): Name = "Operating Temp Range"; Value = "-55 to +155 °C"; VariantName = "[No Variations]"
Change component parameters (AddParameter): Name = "Overload Voltage - Max"; Value = "150 V"; VariantName = "[No Variations]"
Change component parameters (AddParameter): Name = "Pricing 1"; Value = "10=0.191, 100=0.109, 500=0.0637, 2500=0.0489 (EUR)"; VariantName = "[No Variations]"
Change component parameters (AddParameter): Name = "Rated Power"; Value = "0.1 W"; VariantName = "[No Variations]"
Change component parameters (AddParameter): Name = "Resistance"; Value = "4.7 kO"; VariantName = "[No Variations]"
Change component parameters (AddParameter): Name = "Stock 1"; Value = "4010"; VariantName = "[No Variations]"
Change component parameters (AddParameter): Name = "Supplier 1"; Value = "Farnell"; VariantName = "[No Variations]"
Change component parameters (AddParameter): Name = "Supplier Part Number 1"; Value = "1577615"; VariantName = "[No Variations]"
Change component parameters (AddParameter): Name = "Technology"; Value = "Thin Film"; VariantName = "[No Variations]"
Change component parameters (AddParameter): Name = "Temp Coefficient"; Value = "±25 ppm/°C"; VariantName = "[No Variations]"
Change component parameters (AddParameter): Name = "Tolerance (%)"; Value = "±0.1 %"; VariantName = "[No Variations]"
Change component parameters (AddParameter): Name = "Working Voltage-Nom"; Value = "75 V"; VariantName = "[No Variations]"
Change component parameters: Designator = "R6"; Footprint = "RES0603"; UniqueID = "\KGHANBIT"
Change component parameters. Clean all parameters for all variants
Change component parameters (AddParameter): Name = "Case Size"; Value = "0603 (1608 Metric)"; VariantName = "[No Variations]"
Change component parameters (AddParameter): Name = "ComponentLink1Description"; Value = "https://datasheet.ciiva.com/11808/0900766b80fe20f7-11808039.pdf"; VariantName = "[No Variations]"
Change component parameters (AddParameter): Name = "ComponentLink1URL"; Value = "https://datasheet.ciiva.com/11808/0900766b80fe20f7-11808039.pdf"; VariantName = "[No Variations]"
Change component parameters (AddParameter): Name = "ComponentLink2Description"; Value = "https://datasheet.ciiva.com/29183/451124-da-01-en-widerstand-0603-era-29183789.pdf"; VariantName = "[No Variations]"
Change component parameters (AddParameter): Name = "ComponentLink2URL"; Value = "https://datasheet.ciiva.com/29183/451124-da-01-en-widerstand-0603-era-29183789.pdf"; VariantName = "[No Variations]"
Change component parameters (AddParameter): Name = "ComponentLink3Description"; Value = "https://datasheet.ciiva.com/22743/485442-22743061.pdf"; VariantName = "[No Variations]"
Change component parameters (AddParameter): Name = "ComponentLink3URL"; Value = "https://datasheet.ciiva.com/22743/485442-22743061.pdf"; VariantName = "[No Variations]"
Change component parameters (AddParameter): Name = "ComponentLink4Description"; Value = "https://datasheet.ciiva.com/46422/485442-46422693.pdf"; VariantName = "[No Variations]"
Change component parameters (AddParameter): Name = "ComponentLink4URL"; Value = "https://datasheet.ciiva.com/46422/485442-46422693.pdf"; VariantName = "[No Variations]"
Change component parameters (AddParameter): Name = "ComponentLink5Description"; Value = "https://datasheet.ciiva.com/9116/aoa0000ce26-9116681.pdf"; VariantName = "[No Variations]"
Change component parameters (AddParameter): Name = "ComponentLink5URL"; Value = "https://datasheet.ciiva.com/9116/aoa0000ce26-9116681.pdf"; VariantName = "[No Variations]"
Change component parameters (AddParameter): Name = "ComponentLink6Description"; Value = "https://datasheet.ciiva.com/22781/485442-22781497.pdf"; VariantName = "[No Variations]"
Change component parameters (AddParameter): Name = "ComponentLink6URL"; Value = "https://datasheet.ciiva.com/22781/485442-22781497.pdf"; VariantName = "[No Variations]"
Change component parameters (AddParameter): Name = "ComponentLink7Description"; Value = "https://datasheet.ciiva.com/9117/aoa0000ce26-9117707.pdf"; VariantName = "[No Variations]"
Change component parameters (AddParameter): Name = "ComponentLink7URL"; Value = "https://datasheet.ciiva.com/9117/aoa0000ce26-9117707.pdf"; VariantName = "[No Variations]"
Change component parameters (AddParameter): Name = "ComponentLink8Description"; Value = "https://datasheet.ciiva.com/43455/485442-43455227.pdf"; VariantName = "[No Variations]"
Change component parameters (AddParameter): Name = "ComponentLink8URL"; Value = "https://datasheet.ciiva.com/43455/485442-43455227.pdf"; VariantName = "[No Variations]"
Change component parameters (AddParameter): Name = "ComponentLink9Description"; Value = "https://datasheet.ciiva.com/16772/70068849-16772572.pdf"; VariantName = "[No Variations]"
Change component parameters (AddParameter): Name = "ComponentLink9URL"; Value = "https://datasheet.ciiva.com/16772/70068849-16772572.pdf"; VariantName = "[No Variations]"
Change component parameters (AddParameter): Name = "ComponentLink10Description"; Value = "https://datasheet.ciiva.com/48425/era-eng-tds-48425470.pdf"; VariantName = "[No Variations]"
Change component parameters (AddParameter): Name = "ComponentLink10URL"; Value = "https://datasheet.ciiva.com/48425/era-eng-tds-48425470.pdf"; VariantName = "[No Variations]"
Change component parameters (AddParameter): Name = "ComponentLink11Description"; Value = "https://datasheet.ciiva.com/30078/54aoa0000ce26-30078815.pdf"; VariantName = "[No Variations]"
Change component parameters (AddParameter): Name = "ComponentLink11URL"; Value = "https://datasheet.ciiva.com/30078/54aoa0000ce26-30078815.pdf"; VariantName = "[No Variations]"
Change component parameters (AddParameter): Name = "Height - Max"; Value = "0.55 mm"; VariantName = "[No Variations]"
Change component parameters (AddParameter): Name = "Manufacturer"; Value = "Panasonic"; VariantName = "[No Variations]"
Change component parameters (AddParameter): Name = "Manufacturer Part Number"; Value = "ERA-3AEB472V"; VariantName = "[No Variations]"
Change component parameters (AddParameter): Name = "No. of Terminations"; Value = "2"; VariantName = "[No Variations]"
Change component parameters (AddParameter): Name = "Operating Temp Range"; Value = "-55 to +155 °C"; VariantName = "[No Variations]"
Change component parameters (AddParameter): Name = "Overload Voltage - Max"; Value = "150 V"; VariantName = "[No Variations]"
Change component parameters (AddParameter): Name = "Pricing 1"; Value = "10=0.191, 100=0.109, 500=0.0637, 2500=0.0489 (EUR)"; VariantName = "[No Variations]"
Change component parameters (AddParameter): Name = "Rated Power"; Value = "0.1 W"; VariantName = "[No Variations]"
Change component parameters (AddParameter): Name = "Resistance"; Value = "4.7 kO"; VariantName = "[No Variations]"
Change component parameters (AddParameter): Name = "Stock 1"; Value = "4010"; VariantName = "[No Variations]"
Change component parameters (AddParameter): Name = "Supplier 1"; Value = "Farnell"; VariantName = "[No Variations]"
Change component parameters (AddParameter): Name = "Supplier Part Number 1"; Value = "1577615"; VariantName = "[No Variations]"
Change component parameters (AddParameter): Name = "Technology"; Value = "Thin Film"; VariantName = "[No Variations]"
Change component parameters (AddParameter): Name = "Temp Coefficient"; Value = "±25 ppm/°C"; VariantName = "[No Variations]"
Change component parameters (AddParameter): Name = "Tolerance (%)"; Value = "±0.1 %"; VariantName = "[No Variations]"
Change component parameters (AddParameter): Name = "Working Voltage-Nom"; Value = "75 V"; VariantName = "[No Variations]"
Change component parameters: Designator = "R7"; Footprint = "RES0603"; UniqueID = "\TIIXIJKP"
Change component parameters. Clean all parameters for all variants
Change component parameters (AddParameter): Name = "Case Size"; Value = "0603 (1608 Metric)"; VariantName = "[No Variations]"
Change component parameters (AddParameter): Name = "ComponentLink1Description"; Value = "https://datasheet.ciiva.com/11808/0900766b80fe20f7-11808039.pdf"; VariantName = "[No Variations]"
Change component parameters (AddParameter): Name = "ComponentLink1URL"; Value = "https://datasheet.ciiva.com/11808/0900766b80fe20f7-11808039.pdf"; VariantName = "[No Variations]"
Change component parameters (AddParameter): Name = "ComponentLink2Description"; Value = "https://datasheet.ciiva.com/29183/451124-da-01-en-widerstand-0603-era-29183789.pdf"; VariantName = "[No Variations]"
Change component parameters (AddParameter): Name = "ComponentLink2URL"; Value = "https://datasheet.ciiva.com/29183/451124-da-01-en-widerstand-0603-era-29183789.pdf"; VariantName = "[No Variations]"
Change component parameters (AddParameter): Name = "ComponentLink3Description"; Value = "https://datasheet.ciiva.com/22743/485442-22743061.pdf"; VariantName = "[No Variations]"
Change component parameters (AddParameter): Name = "ComponentLink3URL"; Value = "https://datasheet.ciiva.com/22743/485442-22743061.pdf"; VariantName = "[No Variations]"
Change component parameters (AddParameter): Name = "ComponentLink4Description"; Value = "https://datasheet.ciiva.com/46422/485442-46422693.pdf"; VariantName = "[No Variations]"
Change component parameters (AddParameter): Name = "ComponentLink4URL"; Value = "https://datasheet.ciiva.com/46422/485442-46422693.pdf"; VariantName = "[No Variations]"
Change component parameters (AddParameter): Name = "ComponentLink5Description"; Value = "https://datasheet.ciiva.com/9116/aoa0000ce26-9116681.pdf"; VariantName = "[No Variations]"
Change component parameters (AddParameter): Name = "ComponentLink5URL"; Value = "https://datasheet.ciiva.com/9116/aoa0000ce26-9116681.pdf"; VariantName = "[No Variations]"
Change component parameters (AddParameter): Name = "ComponentLink6Description"; Value = "https://datasheet.ciiva.com/22781/485442-22781497.pdf"; VariantName = "[No Variations]"
Change component parameters (AddParameter): Name = "ComponentLink6URL"; Value = "https://datasheet.ciiva.com/22781/485442-22781497.pdf"; VariantName = "[No Variations]"
Change component parameters (AddParameter): Name = "ComponentLink7Description"; Value = "https://datasheet.ciiva.com/9117/aoa0000ce26-9117707.pdf"; VariantName = "[No Variations]"
Change component parameters (AddParameter): Name = "ComponentLink7URL"; Value = "https://datasheet.ciiva.com/9117/aoa0000ce26-9117707.pdf"; VariantName = "[No Variations]"
Change component parameters (AddParameter): Name = "ComponentLink8Description"; Value = "https://datasheet.ciiva.com/43455/485442-43455227.pdf"; VariantName = "[No Variations]"
Change component parameters (AddParameter): Name = "ComponentLink8URL"; Value = "https://datasheet.ciiva.com/43455/485442-43455227.pdf"; VariantName = "[No Variations]"
Change component parameters (AddParameter): Name = "ComponentLink9Description"; Value = "https://datasheet.ciiva.com/16772/70068849-16772572.pdf"; VariantName = "[No Variations]"
Change component parameters (AddParameter): Name = "ComponentLink9URL"; Value = "https://datasheet.ciiva.com/16772/70068849-16772572.pdf"; VariantName = "[No Variations]"
Change component parameters (AddParameter): Name = "ComponentLink10Description"; Value = "https://datasheet.ciiva.com/48425/era-eng-tds-48425470.pdf"; VariantName = "[No Variations]"
Change component parameters (AddParameter): Name = "ComponentLink10URL"; Value = "https://datasheet.ciiva.com/48425/era-eng-tds-48425470.pdf"; VariantName = "[No Variations]"
Change component parameters (AddParameter): Name = "ComponentLink11Description"; Value = "https://datasheet.ciiva.com/30078/54aoa0000ce26-30078815.pdf"; VariantName = "[No Variations]"
Change component parameters (AddParameter): Name = "ComponentLink11URL"; Value = "https://datasheet.ciiva.com/30078/54aoa0000ce26-30078815.pdf"; VariantName = "[No Variations]"
Change component parameters (AddParameter): Name = "Height - Max"; Value = "0.55 mm"; VariantName = "[No Variations]"
Change component parameters (AddParameter): Name = "Manufacturer"; Value = "Panasonic"; VariantName = "[No Variations]"
Change component parameters (AddParameter): Name = "Manufacturer Part Number"; Value = "ERA-3AEB472V"; VariantName = "[No Variations]"
Change component parameters (AddParameter): Name = "No. of Terminations"; Value = "2"; VariantName = "[No Variations]"
Change component parameters (AddParameter): Name = "Operating Temp Range"; Value = "-55 to +155 °C"; VariantName = "[No Variations]"
Change component parameters (AddParameter): Name = "Overload Voltage - Max"; Value = "150 V"; VariantName = "[No Variations]"
Change component parameters (AddParameter): Name = "Pricing 1"; Value = "10=0.191, 100=0.109, 500=0.0637, 2500=0.0489 (EUR)"; VariantName = "[No Variations]"
Change component parameters (AddParameter): Name = "Rated Power"; Value = "0.1 W"; VariantName = "[No Variations]"
Change component parameters (AddParameter): Name = "Resistance"; Value = "4.7 kO"; VariantName = "[No Variations]"
Change component parameters (AddParameter): Name = "Stock 1"; Value = "4010"; VariantName = "[No Variations]"
Change component parameters (AddParameter): Name = "Supplier 1"; Value = "Farnell"; VariantName = "[No Variations]"
Change component parameters (AddParameter): Name = "Supplier Part Number 1"; Value = "1577615"; VariantName = "[No Variations]"
Change component parameters (AddParameter): Name = "Technology"; Value = "Thin Film"; VariantName = "[No Variations]"
Change component parameters (AddParameter): Name = "Temp Coefficient"; Value = "±25 ppm/°C"; VariantName = "[No Variations]"
Change component parameters (AddParameter): Name = "Tolerance (%)"; Value = "±0.1 %"; VariantName = "[No Variations]"
Change component parameters (AddParameter): Name = "Working Voltage-Nom"; Value = "75 V"; VariantName = "[No Variations]"
Change component parameters: Designator = "P1"; Footprint = "micro_Match"; UniqueID = "\YRRVLBTJ"
Change component parameters. Clean all parameters for all variants
Change component parameters (AddParameter): Name = "Body Orientation"; Value = "Straight"; VariantName = "[No Variations]"
Change component parameters (AddParameter): Name = "Contact Material"; Value = "Copper Alloy"; VariantName = "[No Variations]"
Change component parameters (AddParameter): Name = "Manufacturer"; Value = "TE Connectivity AMP"; VariantName = "[No Variations]"
Change component parameters (AddParameter): Name = "Manufacturer Part Number"; Value = "1-2178711-4"; VariantName = "[No Variations]"
Change component parameters (AddParameter): Name = "Mounting Type"; Value = "Surface Mount"; VariantName = "[No Variations]"
Change component parameters (AddParameter): Name = "Number of Contacts"; Value = "14"; VariantName = "[No Variations]"
Change component parameters (AddParameter): Name = "Number of Rows"; Value = "2"; VariantName = "[No Variations]"
Change component parameters (AddParameter): Name = "Pitch"; Value = "1.27mm"; VariantName = "[No Variations]"
Change component parameters (AddParameter): Name = "Pricing 1"; Value = "1=1.24, 25=1.15, 70=1.06, 200=0.977, 450=0.89 (EUR)"; VariantName = "[No Variations]"
Change component parameters (AddParameter): Name = "Series"; Value = "Micro-MaTch"; VariantName = "[No Variations]"
Change component parameters (AddParameter): Name = "Stock 1"; Value = "904"; VariantName = "[No Variations]"
Change component parameters (AddParameter): Name = "Supplier 1"; Value = "Farnell"; VariantName = "[No Variations]"
Change component parameters (AddParameter): Name = "Supplier Part Number 1"; Value = "2473362"; VariantName = "[No Variations]"
Change component parameters (AddParameter): Name = "Termination Method"; Value = "Solder"; VariantName = "[No Variations]"
Change component parameters (AddParameter): Name = "Type"; Value = "Board to Board"; VariantName = "[No Variations]"
Added Pin To Net: NetName=GND Pin=P1-8
Added Pin To Net: NetName=E_SW4 Pin=P1-9
Added Pin To Net: NetName=E_SW3 Pin=P1-10
Added Pin To Net: NetName=E_SW2 Pin=P1-11
Added Pin To Net: NetName=E_SW1 Pin=P1-12
Added Pin To Net: NetName=FAN Pin=P1-13
Added Pin To Net: NetName=+12V Pin=P1-14
