Removed Pin From Net: NetName=Button1 Pin=SW1-3
Removed Pin From Net: NetName=Button2 Pin=SW2-3
Removed Pin From Net: NetName=Button3 Pin=SW3-3
Removed Pin From Net: NetName=Button4 Pin=SW4-3
Removed Member From Class: ClassName=Front_PCB Member=SW1
Removed Member From Class: ClassName=Front_PCB Member=SW2
Removed Member From Class: ClassName=Front_PCB Member=SW3
Removed Member From Class: ClassName=Front_PCB Member=SW4
Added Component: Designator=BUTTON1(Tactile_Switch)
Add component. Clean all parameters for all variants
Add component (AddParameter): Name = "Actuation Type"; Value = "Top"; VariantName = "[No Variations]"
Add component (AddParameter): Name = "Actuator / Cap Colour"; Value = "Brown"; VariantName = "[No Variations]"
Add component (AddParameter): Name = "Bezel Height"; Value = "3.5mm"; VariantName = "[No Variations]"
Add component (AddParameter): Name = "ComponentLink1Description"; Value = "https://datasheet.ciiva.com/1701/12603-1701312.pdf"; VariantName = "[No Variations]"
Add component (AddParameter): Name = "ComponentLink1URL"; Value = "https://datasheet.ciiva.com/1701/12603-1701312.pdf"; VariantName = "[No Variations]"
Add component (AddParameter): Name = "ComponentLink2Description"; Value = "https://datasheet.ciiva.com/7661/1662341-7661522.pdf"; VariantName = "[No Variations]"
Add component (AddParameter): Name = "ComponentLink2URL"; Value = "https://datasheet.ciiva.com/7661/1662341-7661522.pdf"; VariantName = "[No Variations]"
Add component (AddParameter): Name = "Contact Configuration"; Value = "SPST-NO"; VariantName = "[No Variations]"
Add component (AddParameter): Name = "Contact Current DC Max"; Value = "50mA"; VariantName = "[No Variations]"
Add component (AddParameter): Name = "Contact Current Max"; Value = "50mA"; VariantName = "[No Variations]"
Add component (AddParameter): Name = "Contact Current Rating"; Value = "50mA"; VariantName = "[No Variations]"
Add component (AddParameter): Name = "Contact Material"; Value = "Phosphor Bronze"; VariantName = "[No Variations]"
Add component (AddParameter): Name = "Contact Resistance"; Value = "100mohm"; VariantName = "[No Variations]"
Add component (AddParameter): Name = "Contact Voltage DC Max"; Value = "12V"; VariantName = "[No Variations]"
Add component (AddParameter): Name = "Contact Voltage DC Nom"; Value = "12V"; VariantName = "[No Variations]"
Add component (AddParameter): Name = "Dielectric Strength VDC"; Value = "250V"; VariantName = "[No Variations]"
Add component (AddParameter): Name = "External Length / Height"; Value = "7.3mm"; VariantName = "[No Variations]"
Add component (AddParameter): Name = "External Width"; Value = "12mm"; VariantName = "[No Variations]"
Add component (AddParameter): Name = "Height"; Value = "7.3mm"; VariantName = "[No Variations]"
Add component (AddParameter): Name = "Insulation Resistance"; Value = "10Mohm"; VariantName = "[No Variations]"
Add component (AddParameter): Name = "Length"; Value = "12mm"; VariantName = "[No Variations]"
Add component (AddParameter): Name = "Manufacturer"; Value = "Multicomp"; VariantName = "[No Variations]"
Add component (AddParameter): Name = "Manufacturer Part Number"; Value = "MCDTS2-4N"; VariantName = "[No Variations]"
Add component (AddParameter): Name = "No. of Electrical Operations"; Value = "100000"; VariantName = "[No Variations]"
Add component (AddParameter): Name = "Operating Force"; Value = "160gf"; VariantName = "[No Variations]"
Add component (AddParameter): Name = "Operating Temperature Max"; Value = "70°C"; VariantName = "[No Variations]"
Add component (AddParameter): Name = "Operating Temperature Min"; Value = "-25°C"; VariantName = "[No Variations]"
Add component (AddParameter): Name = "Pin Diameter"; Value = "1.0mm"; VariantName = "[No Variations]"
Add component (AddParameter): Name = "Pricing 1"; Value = "15=0.27, 150=0.218, 500=0.164, 1000=0.153, 1500=0.131, 5000=0.118 (EUR)"; VariantName = "[No Variations]"
Add component (AddParameter): Name = "Series"; Value = "MCDTS2"; VariantName = "[No Variations]"
Add component (AddParameter): Name = "Stock 1"; Value = "50457"; VariantName = "[No Variations]"
Add component (AddParameter): Name = "Supplier 1"; Value = "Farnell"; VariantName = "[No Variations]"
Add component (AddParameter): Name = "Supplier Part Number 1"; Value = "9471634"; VariantName = "[No Variations]"
Add component (AddParameter): Name = "Switch Operation"; Value = "SPNO"; VariantName = "[No Variations]"
Add component (AddParameter): Name = "Switch Terminals"; Value = "Solder"; VariantName = "[No Variations]"
Add component (AddParameter): Name = "Terminal Type"; Value = "Through Hole"; VariantName = "[No Variations]"
Add component (AddParameter): Name = "Travel"; Value = "0.35mm"; VariantName = "[No Variations]"
Add component (AddParameter): Name = "Voltage Rating V DC"; Value = "12V"; VariantName = "[No Variations]"
Added Component: Designator=BUTTON2(Tactile_Switch)
Add component. Clean all parameters for all variants
Add component (AddParameter): Name = "Actuation Type"; Value = "Top"; VariantName = "[No Variations]"
Add component (AddParameter): Name = "Actuator / Cap Colour"; Value = "Brown"; VariantName = "[No Variations]"
Add component (AddParameter): Name = "Bezel Height"; Value = "3.5mm"; VariantName = "[No Variations]"
Add component (AddParameter): Name = "ComponentLink1Description"; Value = "https://datasheet.ciiva.com/1701/12603-1701312.pdf"; VariantName = "[No Variations]"
Add component (AddParameter): Name = "ComponentLink1URL"; Value = "https://datasheet.ciiva.com/1701/12603-1701312.pdf"; VariantName = "[No Variations]"
Add component (AddParameter): Name = "ComponentLink2Description"; Value = "https://datasheet.ciiva.com/7661/1662341-7661522.pdf"; VariantName = "[No Variations]"
Add component (AddParameter): Name = "ComponentLink2URL"; Value = "https://datasheet.ciiva.com/7661/1662341-7661522.pdf"; VariantName = "[No Variations]"
Add component (AddParameter): Name = "Contact Configuration"; Value = "SPST-NO"; VariantName = "[No Variations]"
Add component (AddParameter): Name = "Contact Current DC Max"; Value = "50mA"; VariantName = "[No Variations]"
Add component (AddParameter): Name = "Contact Current Max"; Value = "50mA"; VariantName = "[No Variations]"
Add component (AddParameter): Name = "Contact Current Rating"; Value = "50mA"; VariantName = "[No Variations]"
Add component (AddParameter): Name = "Contact Material"; Value = "Phosphor Bronze"; VariantName = "[No Variations]"
Add component (AddParameter): Name = "Contact Resistance"; Value = "100mohm"; VariantName = "[No Variations]"
Add component (AddParameter): Name = "Contact Voltage DC Max"; Value = "12V"; VariantName = "[No Variations]"
Add component (AddParameter): Name = "Contact Voltage DC Nom"; Value = "12V"; VariantName = "[No Variations]"
Add component (AddParameter): Name = "Dielectric Strength VDC"; Value = "250V"; VariantName = "[No Variations]"
Add component (AddParameter): Name = "External Length / Height"; Value = "7.3mm"; VariantName = "[No Variations]"
Add component (AddParameter): Name = "External Width"; Value = "12mm"; VariantName = "[No Variations]"
Add component (AddParameter): Name = "Height"; Value = "7.3mm"; VariantName = "[No Variations]"
Add component (AddParameter): Name = "Insulation Resistance"; Value = "10Mohm"; VariantName = "[No Variations]"
Add component (AddParameter): Name = "Length"; Value = "12mm"; VariantName = "[No Variations]"
Add component (AddParameter): Name = "Manufacturer"; Value = "Multicomp"; VariantName = "[No Variations]"
Add component (AddParameter): Name = "Manufacturer Part Number"; Value = "MCDTS2-4N"; VariantName = "[No Variations]"
Add component (AddParameter): Name = "No. of Electrical Operations"; Value = "100000"; VariantName = "[No Variations]"
Add component (AddParameter): Name = "Operating Force"; Value = "160gf"; VariantName = "[No Variations]"
Add component (AddParameter): Name = "Operating Temperature Max"; Value = "70°C"; VariantName = "[No Variations]"
Add component (AddParameter): Name = "Operating Temperature Min"; Value = "-25°C"; VariantName = "[No Variations]"
Add component (AddParameter): Name = "Pin Diameter"; Value = "1.0mm"; VariantName = "[No Variations]"
Add component (AddParameter): Name = "Pricing 1"; Value = "15=0.27, 150=0.218, 500=0.164, 1000=0.153, 1500=0.131, 5000=0.118 (EUR)"; VariantName = "[No Variations]"
Add component (AddParameter): Name = "Series"; Value = "MCDTS2"; VariantName = "[No Variations]"
Add component (AddParameter): Name = "Stock 1"; Value = "50457"; VariantName = "[No Variations]"
Add component (AddParameter): Name = "Supplier 1"; Value = "Farnell"; VariantName = "[No Variations]"
Add component (AddParameter): Name = "Supplier Part Number 1"; Value = "9471634"; VariantName = "[No Variations]"
Add component (AddParameter): Name = "Switch Operation"; Value = "SPNO"; VariantName = "[No Variations]"
Add component (AddParameter): Name = "Switch Terminals"; Value = "Solder"; VariantName = "[No Variations]"
Add component (AddParameter): Name = "Terminal Type"; Value = "Through Hole"; VariantName = "[No Variations]"
Add component (AddParameter): Name = "Travel"; Value = "0.35mm"; VariantName = "[No Variations]"
Add component (AddParameter): Name = "Voltage Rating V DC"; Value = "12V"; VariantName = "[No Variations]"
Added Component: Designator=BUTTON3(Tactile_Switch)
Add component. Clean all parameters for all variants
Add component (AddParameter): Name = "Actuation Type"; Value = "Top"; VariantName = "[No Variations]"
Add component (AddParameter): Name = "Actuator / Cap Colour"; Value = "Brown"; VariantName = "[No Variations]"
Add component (AddParameter): Name = "Bezel Height"; Value = "3.5mm"; VariantName = "[No Variations]"
Add component (AddParameter): Name = "ComponentLink1Description"; Value = "https://datasheet.ciiva.com/1701/12603-1701312.pdf"; VariantName = "[No Variations]"
Add component (AddParameter): Name = "ComponentLink1URL"; Value = "https://datasheet.ciiva.com/1701/12603-1701312.pdf"; VariantName = "[No Variations]"
Add component (AddParameter): Name = "ComponentLink2Description"; Value = "https://datasheet.ciiva.com/7661/1662341-7661522.pdf"; VariantName = "[No Variations]"
Add component (AddParameter): Name = "ComponentLink2URL"; Value = "https://datasheet.ciiva.com/7661/1662341-7661522.pdf"; VariantName = "[No Variations]"
Add component (AddParameter): Name = "Contact Configuration"; Value = "SPST-NO"; VariantName = "[No Variations]"
Add component (AddParameter): Name = "Contact Current DC Max"; Value = "50mA"; VariantName = "[No Variations]"
Add component (AddParameter): Name = "Contact Current Max"; Value = "50mA"; VariantName = "[No Variations]"
Add component (AddParameter): Name = "Contact Current Rating"; Value = "50mA"; VariantName = "[No Variations]"
Add component (AddParameter): Name = "Contact Material"; Value = "Phosphor Bronze"; VariantName = "[No Variations]"
Add component (AddParameter): Name = "Contact Resistance"; Value = "100mohm"; VariantName = "[No Variations]"
Add component (AddParameter): Name = "Contact Voltage DC Max"; Value = "12V"; VariantName = "[No Variations]"
Add component (AddParameter): Name = "Contact Voltage DC Nom"; Value = "12V"; VariantName = "[No Variations]"
Add component (AddParameter): Name = "Dielectric Strength VDC"; Value = "250V"; VariantName = "[No Variations]"
Add component (AddParameter): Name = "External Length / Height"; Value = "7.3mm"; VariantName = "[No Variations]"
Add component (AddParameter): Name = "External Width"; Value = "12mm"; VariantName = "[No Variations]"
Add component (AddParameter): Name = "Height"; Value = "7.3mm"; VariantName = "[No Variations]"
Add component (AddParameter): Name = "Insulation Resistance"; Value = "10Mohm"; VariantName = "[No Variations]"
Add component (AddParameter): Name = "Length"; Value = "12mm"; VariantName = "[No Variations]"
Add component (AddParameter): Name = "Manufacturer"; Value = "Multicomp"; VariantName = "[No Variations]"
Add component (AddParameter): Name = "Manufacturer Part Number"; Value = "MCDTS2-4N"; VariantName = "[No Variations]"
Add component (AddParameter): Name = "No. of Electrical Operations"; Value = "100000"; VariantName = "[No Variations]"
Add component (AddParameter): Name = "Operating Force"; Value = "160gf"; VariantName = "[No Variations]"
Add component (AddParameter): Name = "Operating Temperature Max"; Value = "70°C"; VariantName = "[No Variations]"
Add component (AddParameter): Name = "Operating Temperature Min"; Value = "-25°C"; VariantName = "[No Variations]"
Add component (AddParameter): Name = "Pin Diameter"; Value = "1.0mm"; VariantName = "[No Variations]"
Add component (AddParameter): Name = "Pricing 1"; Value = "15=0.27, 150=0.218, 500=0.164, 1000=0.153, 1500=0.131, 5000=0.118 (EUR)"; VariantName = "[No Variations]"
Add component (AddParameter): Name = "Series"; Value = "MCDTS2"; VariantName = "[No Variations]"
Add component (AddParameter): Name = "Stock 1"; Value = "50457"; VariantName = "[No Variations]"
Add component (AddParameter): Name = "Supplier 1"; Value = "Farnell"; VariantName = "[No Variations]"
Add component (AddParameter): Name = "Supplier Part Number 1"; Value = "9471634"; VariantName = "[No Variations]"
Add component (AddParameter): Name = "Switch Operation"; Value = "SPNO"; VariantName = "[No Variations]"
Add component (AddParameter): Name = "Switch Terminals"; Value = "Solder"; VariantName = "[No Variations]"
Add component (AddParameter): Name = "Terminal Type"; Value = "Through Hole"; VariantName = "[No Variations]"
Add component (AddParameter): Name = "Travel"; Value = "0.35mm"; VariantName = "[No Variations]"
Add component (AddParameter): Name = "Voltage Rating V DC"; Value = "12V"; VariantName = "[No Variations]"
Added Component: Designator=BUTTON4(Tactile_Switch)
Add component. Clean all parameters for all variants
Add component (AddParameter): Name = "Actuation Type"; Value = "Top"; VariantName = "[No Variations]"
Add component (AddParameter): Name = "Actuator / Cap Colour"; Value = "Brown"; VariantName = "[No Variations]"
Add component (AddParameter): Name = "Bezel Height"; Value = "3.5mm"; VariantName = "[No Variations]"
Add component (AddParameter): Name = "ComponentLink1Description"; Value = "https://datasheet.ciiva.com/1701/12603-1701312.pdf"; VariantName = "[No Variations]"
Add component (AddParameter): Name = "ComponentLink1URL"; Value = "https://datasheet.ciiva.com/1701/12603-1701312.pdf"; VariantName = "[No Variations]"
Add component (AddParameter): Name = "ComponentLink2Description"; Value = "https://datasheet.ciiva.com/7661/1662341-7661522.pdf"; VariantName = "[No Variations]"
Add component (AddParameter): Name = "ComponentLink2URL"; Value = "https://datasheet.ciiva.com/7661/1662341-7661522.pdf"; VariantName = "[No Variations]"
Add component (AddParameter): Name = "Contact Configuration"; Value = "SPST-NO"; VariantName = "[No Variations]"
Add component (AddParameter): Name = "Contact Current DC Max"; Value = "50mA"; VariantName = "[No Variations]"
Add component (AddParameter): Name = "Contact Current Max"; Value = "50mA"; VariantName = "[No Variations]"
Add component (AddParameter): Name = "Contact Current Rating"; Value = "50mA"; VariantName = "[No Variations]"
Add component (AddParameter): Name = "Contact Material"; Value = "Phosphor Bronze"; VariantName = "[No Variations]"
Add component (AddParameter): Name = "Contact Resistance"; Value = "100mohm"; VariantName = "[No Variations]"
Add component (AddParameter): Name = "Contact Voltage DC Max"; Value = "12V"; VariantName = "[No Variations]"
Add component (AddParameter): Name = "Contact Voltage DC Nom"; Value = "12V"; VariantName = "[No Variations]"
Add component (AddParameter): Name = "Dielectric Strength VDC"; Value = "250V"; VariantName = "[No Variations]"
Add component (AddParameter): Name = "External Length / Height"; Value = "7.3mm"; VariantName = "[No Variations]"
Add component (AddParameter): Name = "External Width"; Value = "12mm"; VariantName = "[No Variations]"
Add component (AddParameter): Name = "Height"; Value = "7.3mm"; VariantName = "[No Variations]"
Add component (AddParameter): Name = "Insulation Resistance"; Value = "10Mohm"; VariantName = "[No Variations]"
Add component (AddParameter): Name = "Length"; Value = "12mm"; VariantName = "[No Variations]"
Add component (AddParameter): Name = "Manufacturer"; Value = "Multicomp"; VariantName = "[No Variations]"
Add component (AddParameter): Name = "Manufacturer Part Number"; Value = "MCDTS2-4N"; VariantName = "[No Variations]"
Add component (AddParameter): Name = "No. of Electrical Operations"; Value = "100000"; VariantName = "[No Variations]"
Add component (AddParameter): Name = "Operating Force"; Value = "160gf"; VariantName = "[No Variations]"
Add component (AddParameter): Name = "Operating Temperature Max"; Value = "70°C"; VariantName = "[No Variations]"
Add component (AddParameter): Name = "Operating Temperature Min"; Value = "-25°C"; VariantName = "[No Variations]"
Add component (AddParameter): Name = "Pin Diameter"; Value = "1.0mm"; VariantName = "[No Variations]"
Add component (AddParameter): Name = "Pricing 1"; Value = "15=0.27, 150=0.218, 500=0.164, 1000=0.153, 1500=0.131, 5000=0.118 (EUR)"; VariantName = "[No Variations]"
Add component (AddParameter): Name = "Series"; Value = "MCDTS2"; VariantName = "[No Variations]"
Add component (AddParameter): Name = "Stock 1"; Value = "50457"; VariantName = "[No Variations]"
Add component (AddParameter): Name = "Supplier 1"; Value = "Farnell"; VariantName = "[No Variations]"
Add component (AddParameter): Name = "Supplier Part Number 1"; Value = "9471634"; VariantName = "[No Variations]"
Add component (AddParameter): Name = "Switch Operation"; Value = "SPNO"; VariantName = "[No Variations]"
Add component (AddParameter): Name = "Switch Terminals"; Value = "Solder"; VariantName = "[No Variations]"
Add component (AddParameter): Name = "Terminal Type"; Value = "Through Hole"; VariantName = "[No Variations]"
Add component (AddParameter): Name = "Travel"; Value = "0.35mm"; VariantName = "[No Variations]"
Add component (AddParameter): Name = "Voltage Rating V DC"; Value = "12V"; VariantName = "[No Variations]"
Added Pin To Net: NetName=Button1 Pin=BUTTON1-3
Added Pin To Net: NetName=Button2 Pin=BUTTON2-3
Added Pin To Net: NetName=Button3 Pin=BUTTON3-3
Added Pin To Net: NetName=Button4 Pin=BUTTON4-3
Added Pin To Net: NetName=NetBUTTON1_1 Pin=BUTTON1-1
Added Pin To Net: NetName=NetBUTTON1_1 Pin=R4-1
Added Net: Name=NetBUTTON1_1
Added Pin To Net: NetName=NetBUTTON2_1 Pin=BUTTON2-1
Added Pin To Net: NetName=NetBUTTON2_1 Pin=R5-1
Added Net: Name=NetBUTTON2_1
Added Pin To Net: NetName=NetBUTTON3_1 Pin=BUTTON3-1
Added Pin To Net: NetName=NetBUTTON3_1 Pin=R6-1
Added Net: Name=NetBUTTON3_1
Added Pin To Net: NetName=NetBUTTON4_1 Pin=BUTTON4-1
Added Pin To Net: NetName=NetBUTTON4_1 Pin=R7-1
Added Net: Name=NetBUTTON4_1
Added Member To Class: ClassName=Front_PCB Member=Component BUTTON1 MCDTS2-4N
Added Member To Class: ClassName=Front_PCB Member=Component BUTTON2 MCDTS2-4N
Added Member To Class: ClassName=Front_PCB Member=Component BUTTON3 MCDTS2-4N
Added Member To Class: ClassName=Front_PCB Member=Component BUTTON4 MCDTS2-4N
