Change Component Comment : Designator=B1 Old Comment=Tactile switch New Comment=B3FS-1050
Change Component Comment : Designator=B2 Old Comment=Tactile switch New Comment=B3FS-1050
Change Component Comment : Designator=B3 Old Comment=Tactile switch New Comment=B3FS-1050
Change Component Comment : Designator=B4 Old Comment=Tactile switch New Comment=B3FS-1050
Change component parameters: Designator = "P2"; Footprint = "HDR1X4"; UniqueID = "\CDFFBKWK"
Change component parameters. Clean all parameters for all variants
Change component parameters (AddParameter): Name = "LatestRevisionDate"; Value = "17-Jul-2002"; VariantName = "[No Variations]"
Change component parameters (AddParameter): Name = "LatestRevisionNote"; Value = "Re-released for DXP Platform."; VariantName = "[No Variations]"
Change component parameters (AddParameter): Name = "Publisher"; Value = "Altium Limited"; VariantName = "[No Variations]"
Change component parameters: Designator = "P1"; Footprint = "micro_Match"; UniqueID = "\YRRVLBTJ"
Change component parameters. Clean all parameters for all variants
Change component parameters (AddParameter): Name = "Body Orientation"; Value = "Straight"; VariantName = "[No Variations]"
Change component parameters (AddParameter): Name = "Contact Material"; Value = "Copper Alloy"; VariantName = "[No Variations]"
Change component parameters (AddParameter): Name = "Manufacturer"; Value = "TE Connectivity AMP"; VariantName = "[No Variations]"
Change component parameters (AddParameter): Name = "Manufacturer Part Number"; Value = "1-2178711-4"; VariantName = "[No Variations]"
Change component parameters (AddParameter): Name = "Mounting Type"; Value = "Surface Mount"; VariantName = "[No Variations]"
Change component parameters (AddParameter): Name = "Number of Contacts"; Value = "14"; VariantName = "[No Variations]"
Change component parameters (AddParameter): Name = "Number of Rows"; Value = "2"; VariantName = "[No Variations]"
Change component parameters (AddParameter): Name = "Pitch"; Value = "1.27mm"; VariantName = "[No Variations]"
Change component parameters (AddParameter): Name = "Pricing 1"; Value = "1=1.24, 25=1.15, 70=1.06, 200=0.977, 450=0.89 (EUR)"; VariantName = "[No Variations]"
Change component parameters (AddParameter): Name = "Series"; Value = "Micro-MaTch"; VariantName = "[No Variations]"
Change component parameters (AddParameter): Name = "Stock 1"; Value = "904"; VariantName = "[No Variations]"
Change component parameters (AddParameter): Name = "Supplier 1"; Value = "Farnell"; VariantName = "[No Variations]"
Change component parameters (AddParameter): Name = "Supplier Part Number 1"; Value = "2473362"; VariantName = "[No Variations]"
Change component parameters (AddParameter): Name = "Termination Method"; Value = "Solder"; VariantName = "[No Variations]"
Change component parameters (AddParameter): Name = "Type"; Value = "Board to Board"; VariantName = "[No Variations]"
Change component parameters: Designator = "C3"; Footprint = "CAP0603"; UniqueID = "\KNWQOOIE"
Change component parameters. Clean all parameters for all variants
Change component parameters (AddParameter): Name = "Automotive Qualification Standard"; Value = "-"; VariantName = "[No Variations]"
Change component parameters (AddParameter): Name = "Capacitance"; Value = "0.1µF"; VariantName = "[No Variations]"
Change component parameters (AddParameter): Name = "Capacitance Tolerance"; Value = "± 10%"; VariantName = "[No Variations]"
Change component parameters (AddParameter): Name = "Ceramic Capacitor Case"; Value = "0603 [1608 Metric]"; VariantName = "[No Variations]"
Change component parameters (AddParameter): Name = "ComponentLink1Description"; Value = "http://www.farnell.com/datasheets/2112158.pdf"; VariantName = "[No Variations]"
Change component parameters (AddParameter): Name = "ComponentLink1URL"; Value = "http://www.farnell.com/datasheets/2112158.pdf"; VariantName = "[No Variations]"
Change component parameters (AddParameter): Name = "ComponentLink2Description"; Value = "http://www.farnell.com/datasheets/2316283.pdf"; VariantName = "[No Variations]"
Change component parameters (AddParameter): Name = "ComponentLink2URL"; Value = "http://www.farnell.com/datasheets/2316283.pdf"; VariantName = "[No Variations]"
Change component parameters (AddParameter): Name = "ComponentLink3Description"; Value = "https://api.kemet.com/component-edge/download/datasheet/C0603C104K4RAC7081.pdf"; VariantName = "[No Variations]"
Change component parameters (AddParameter): Name = "ComponentLink3URL"; Value = "https://api.kemet.com/component-edge/download/datasheet/C0603C104K4RAC7081.pdf"; VariantName = "[No Variations]"
Change component parameters (AddParameter): Name = "Dielectric Characteristic"; Value = "X7R"; VariantName = "[No Variations]"
Change component parameters (AddParameter): Name = "Manufacturer"; Value = "KEMET"; VariantName = "[No Variations]"
Change component parameters (AddParameter): Name = "Manufacturer Part Number"; Value = "C0603C104K4RAC7081"; VariantName = "[No Variations]"
Change component parameters (AddParameter): Name = "MSL"; Value = "MSL 1 - Unlimited"; VariantName = "[No Variations]"
Change component parameters (AddParameter): Name = "Operating Temperature Max"; Value = "125°C"; VariantName = "[No Variations]"
Change component parameters (AddParameter): Name = "Operating Temperature Min"; Value = "-55°C"; VariantName = "[No Variations]"
Change component parameters (AddParameter): Name = "Packaging"; Value = "Cut Tape"; VariantName = "[No Variations]"
Change component parameters (AddParameter): Name = "Pricing 1"; Value = "10=0.0639, 100=0.0337, 500=0.0247, 2500=0.0209 (EUR)"; VariantName = "[No Variations]"
Change component parameters (AddParameter): Name = "Product Range"; Value = "C Series"; VariantName = "[No Variations]"
Change component parameters (AddParameter): Name = "Stock 1"; Value = "98220"; VariantName = "[No Variations]"
Change component parameters (AddParameter): Name = "Supplier 1"; Value = "Farnell"; VariantName = "[No Variations]"
Change component parameters (AddParameter): Name = "Supplier Part Number 1"; Value = "2522597"; VariantName = "[No Variations]"
Change component parameters (AddParameter): Name = "SVHC"; Value = "No SVHC (15-Jun-2015)"; VariantName = "[No Variations]"
Change component parameters (AddParameter): Name = "Voltage Rating"; Value = "16V"; VariantName = "[No Variations]"
Change component parameters: Designator = "J1"; Footprint = "SON50P250X100_HS-9N"; UniqueID = "\LWOYKHRN"
Change component parameters. Clean all parameters for all variants
Change component parameters (AddParameter): Name = "Accuracy"; Value = "±0.3 (Temperature) °C, ±2 (Humidity) %RH"; VariantName = "[No Variations]"
Change component parameters (AddParameter): Name = "ComponentLink1Description"; Value = "http://www.farnell.com/datasheets/1905459.pdf"; VariantName = "[No Variations]"
Change component parameters (AddParameter): Name = "ComponentLink1URL"; Value = "http://www.farnell.com/datasheets/1905459.pdf"; VariantName = "[No Variations]"
Change component parameters (AddParameter): Name = "ComponentLink2Description"; Value = "http://uk.rs-online.com/webdocs/13dd/0900766b813ddc9f.pdf"; VariantName = "[No Variations]"
Change component parameters (AddParameter): Name = "ComponentLink2URL"; Value = "http://uk.rs-online.com/webdocs/13dd/0900766b813ddc9f.pdf"; VariantName = "[No Variations]"
Change component parameters (AddParameter): Name = "ComponentLink3Description"; Value = "https://www.sensirion.com/fileadmin/user_upload/customers/sensirion/Dokumente/2_Humidity_Sensors/Sensirion_Humidity_Sensors_Testing_Guide_V1.2.pdf"; VariantName = "[No Variations]"
Change component parameters (AddParameter): Name = "ComponentLink3URL"; Value = "https://www.sensirion.com/fileadmin/user_upload/customers/sensirion/Dokumente/2_Humidity_Sensors/Sensirion_Humidity_Sensors_Testing_Guide_V1.2.pdf"; VariantName = "[No Variations]"
Change component parameters (AddParameter): Name = "ComponentLink4Description"; Value = "http://www.farnell.com/datasheets/2611771.pdf"; VariantName = "[No Variations]"
Change component parameters (AddParameter): Name = "ComponentLink4URL"; Value = "http://www.farnell.com/datasheets/2611771.pdf"; VariantName = "[No Variations]"
Change component parameters (AddParameter): Name = "ComponentLink5Description"; Value = "https://www.sensirion.com/file/datasheet_filter-membrane"; VariantName = "[No Variations]"
Change component parameters (AddParameter): Name = "ComponentLink5URL"; Value = "https://www.sensirion.com/file/datasheet_filter-membrane"; VariantName = "[No Variations]"
Change component parameters (AddParameter): Name = "Dimensions"; Value = "2.6 x 2.6 x 1mm"; VariantName = "[No Variations]"
Change component parameters (AddParameter): Name = "Height"; Value = "1mm"; VariantName = "[No Variations]"
Change component parameters (AddParameter): Name = "Interface Type"; Value = "I2C"; VariantName = "[No Variations]"
Change component parameters (AddParameter): Name = "Length"; Value = "2.6mm"; VariantName = "[No Variations]"
Change component parameters (AddParameter): Name = "Manufacturer"; Value = "Sensirion"; VariantName = "[No Variations]"
Change component parameters (AddParameter): Name = "Manufacturer Part Number"; Value = "SHT31-DIS-B"; VariantName = "[No Variations]"
Change component parameters (AddParameter): Name = "Maximum Operating Supply Voltage"; Value = "5.5 V"; VariantName = "[No Variations]"
Change component parameters (AddParameter): Name = "Maximum Operating Temperature"; Value = "+125 °C"; VariantName = "[No Variations]"
Change component parameters (AddParameter): Name = "Minimum Operating Supply Voltage"; Value = "2.4 V"; VariantName = "[No Variations]"
Change component parameters (AddParameter): Name = "Minimum Operating Temperature"; Value = "-40 °C"; VariantName = "[No Variations]"
Change component parameters (AddParameter): Name = "Mounting Type"; Value = "Surface Mount"; VariantName = "[No Variations]"
Change component parameters (AddParameter): Name = "Output Type"; Value = "Digital"; VariantName = "[No Variations]"
Change component parameters (AddParameter): Name = "Package Type"; Value = "DFN"; VariantName = "[No Variations]"
Change component parameters (AddParameter): Name = "Pin Count"; Value = "8"; VariantName = "[No Variations]"
Change component parameters (AddParameter): Name = "Resolution"; Value = "0.05 (Humidity) %RH, 0.05 (Temperature) °C"; VariantName = "[No Variations]"
Change component parameters (AddParameter): Name = "Sensor Function"; Value = "Temperature & Humidity"; VariantName = "[No Variations]"
Change component parameters (AddParameter): Name = "Stock 1"; Value = "0"; VariantName = "[No Variations]"
Change component parameters (AddParameter): Name = "Supplier 1"; Value = "Farnell"; VariantName = "[No Variations]"
Change component parameters (AddParameter): Name = "Supplier Part Number 1"; Value = "2474218"; VariantName = "[No Variations]"
Change component parameters (AddParameter): Name = "Width"; Value = "2.6mm"; VariantName = "[No Variations]"
Change component parameters: Designator = "U1"; Footprint = "DC-DC"; UniqueID = "\PXROCTTH"
Change component parameters. Clean all parameters for all variants
Change component parameters (AddParameter): Name = "Applications"; Value = "ITE (Commercial)"; VariantName = "[No Variations]"
Change component parameters (AddParameter): Name = "Category"; Value = "Power Supplies - Board Mount"; VariantName = "[No Variations]"
Change component parameters (AddParameter): Name = "ComponentLink1Description"; Value = "https://datasheet.ciiva.com/8006/1790439-8006672.pdf"; VariantName = "[No Variations]"
Change component parameters (AddParameter): Name = "ComponentLink1URL"; Value = "https://datasheet.ciiva.com/8006/1790439-8006672.pdf"; VariantName = "[No Variations]"
Change component parameters (AddParameter): Name = "ComponentLink2Description"; Value = "https://datasheet.ciiva.com/2374/oki-78sr-2374163.pdf"; VariantName = "[No Variations]"
Change component parameters (AddParameter): Name = "ComponentLink2URL"; Value = "https://datasheet.ciiva.com/2374/oki-78sr-2374163.pdf"; VariantName = "[No Variations]"
Change component parameters (AddParameter): Name = "ComponentLink3Description"; Value = "https://datasheet.ciiva.com/8220/oki-78sr-8220327.pdf"; VariantName = "[No Variations]"
Change component parameters (AddParameter): Name = "ComponentLink3URL"; Value = "https://datasheet.ciiva.com/8220/oki-78sr-8220327.pdf"; VariantName = "[No Variations]"
Change component parameters (AddParameter): Name = "ComponentLink4Description"; Value = "https://datasheet.ciiva.com/4646/oki-78sr-56393-4646361.pdf"; VariantName = "[No Variations]"
Change component parameters (AddParameter): Name = "ComponentLink4URL"; Value = "https://datasheet.ciiva.com/4646/oki-78sr-56393-4646361.pdf"; VariantName = "[No Variations]"
Change component parameters (AddParameter): Name = "ComponentLink5Description"; Value = "https://datasheet.ciiva.com/6917/1790439-6917306.pdf"; VariantName = "[No Variations]"
Change component parameters (AddParameter): Name = "ComponentLink5URL"; Value = "https://datasheet.ciiva.com/6917/1790439-6917306.pdf"; VariantName = "[No Variations]"
Change component parameters (AddParameter): Name = "ComponentLink6Description"; Value = "https://datasheet.ciiva.com/17327/oki-78sr-17327359.pdf"; VariantName = "[No Variations]"
Change component parameters (AddParameter): Name = "ComponentLink6URL"; Value = "https://datasheet.ciiva.com/17327/oki-78sr-17327359.pdf"; VariantName = "[No Variations]"
Change component parameters (AddParameter): Name = "Current - Output (Max)"; Value = "1.5A"; VariantName = "[No Variations]"
Change component parameters (AddParameter): Name = "Efficiency"; Value = "90.5%"; VariantName = "[No Variations]"
Change component parameters (AddParameter): Name = "Family"; Value = "DC DC Converters"; VariantName = "[No Variations]"
Change component parameters (AddParameter): Name = "Features"; Value = "SCP"; VariantName = "[No Variations]"
Change component parameters (AddParameter): Name = "Manufacturer"; Value = "Murata"; VariantName = "[No Variations]"
Change component parameters (AddParameter): Name = "Manufacturer Part Number"; Value = "OKI-78SR-5/1.5-W36-C"; VariantName = "[No Variations]"
Change component parameters (AddParameter): Name = "Mounting Type"; Value = "Through Hole"; VariantName = "[No Variations]"
Change component parameters (AddParameter): Name = "Number of Outputs"; Value = "1"; VariantName = "[No Variations]"
Change component parameters (AddParameter): Name = "Operating Temperature"; Value = "-40°C ~ 85°C"; VariantName = "[No Variations]"
Change component parameters (AddParameter): Name = "Package / Case"; Value = "3-SIP Module"; VariantName = "[No Variations]"
Change component parameters (AddParameter): Name = "Packaging"; Value = "Tube"; VariantName = "[No Variations]"
Change component parameters (AddParameter): Name = "Power (Watts) - Manufacture Series"; Value = "8W"; VariantName = "[No Variations]"
Change component parameters (AddParameter): Name = "Power (Watts) - Max"; Value = "8W"; VariantName = "[No Variations]"
Change component parameters (AddParameter): Name = "Series"; Value = "Okami™ OKI-78SR"; VariantName = "[No Variations]"
Change component parameters (AddParameter): Name = "Size / Dimension"; Value = "0.41" L x 0.30" W x 0.65" H (10.4mm x 7.6mm x 16.5mm)"; VariantName = "[No Variations]"
Change component parameters (AddParameter): Name = "Stock 1"; Value = "0"; VariantName = "[No Variations]"
Change component parameters (AddParameter): Name = "Supplier 1"; Value = "Farnell"; VariantName = "[No Variations]"
Change component parameters (AddParameter): Name = "Supplier Part Number 1"; Value = "2102101"; VariantName = "[No Variations]"
Change component parameters (AddParameter): Name = "Type"; Value = "Linear Regulator Replacement"; VariantName = "[No Variations]"
Change component parameters (AddParameter): Name = "Voltage - Input (Max)"; Value = "36V"; VariantName = "[No Variations]"
Change component parameters (AddParameter): Name = "Voltage - Input (Min)"; Value = "7V"; VariantName = "[No Variations]"
Change component parameters (AddParameter): Name = "Voltage - Isolation"; Value = "-"; VariantName = "[No Variations]"
Change component parameters (AddParameter): Name = "Voltage - Output 1"; Value = "5V"; VariantName = "[No Variations]"
Change component parameters (AddParameter): Name = "Voltage - Output 2"; Value = "-"; VariantName = "[No Variations]"
Change component parameters (AddParameter): Name = "Voltage - Output 3"; Value = "-"; VariantName = "[No Variations]"
Change component parameters: Designator = "R1"; Footprint = "RES0603"; UniqueID = "\QWPKWAVM"
Change component parameters. Clean all parameters for all variants
Change component parameters (AddParameter): Name = "Case Size"; Value = "0603 (1608 Metric)"; VariantName = "[No Variations]"
Change component parameters (AddParameter): Name = "ComponentLink1Description"; Value = "https://datasheet.ciiva.com/11808/0900766b80fe20f7-11808039.pdf"; VariantName = "[No Variations]"
Change component parameters (AddParameter): Name = "ComponentLink1URL"; Value = "https://datasheet.ciiva.com/11808/0900766b80fe20f7-11808039.pdf"; VariantName = "[No Variations]"
Change component parameters (AddParameter): Name = "ComponentLink2Description"; Value = "https://datasheet.ciiva.com/29183/451124-da-01-en-widerstand-0603-era-29183789.pdf"; VariantName = "[No Variations]"
Change component parameters (AddParameter): Name = "ComponentLink2URL"; Value = "https://datasheet.ciiva.com/29183/451124-da-01-en-widerstand-0603-era-29183789.pdf"; VariantName = "[No Variations]"
Change component parameters (AddParameter): Name = "ComponentLink3Description"; Value = "https://datasheet.ciiva.com/22743/485442-22743061.pdf"; VariantName = "[No Variations]"
Change component parameters (AddParameter): Name = "ComponentLink3URL"; Value = "https://datasheet.ciiva.com/22743/485442-22743061.pdf"; VariantName = "[No Variations]"
Change component parameters (AddParameter): Name = "ComponentLink4Description"; Value = "https://datasheet.ciiva.com/46422/485442-46422693.pdf"; VariantName = "[No Variations]"
Change component parameters (AddParameter): Name = "ComponentLink4URL"; Value = "https://datasheet.ciiva.com/46422/485442-46422693.pdf"; VariantName = "[No Variations]"
Change component parameters (AddParameter): Name = "ComponentLink5Description"; Value = "https://datasheet.ciiva.com/9116/aoa0000ce26-9116681.pdf"; VariantName = "[No Variations]"
Change component parameters (AddParameter): Name = "ComponentLink5URL"; Value = "https://datasheet.ciiva.com/9116/aoa0000ce26-9116681.pdf"; VariantName = "[No Variations]"
Change component parameters (AddParameter): Name = "ComponentLink6Description"; Value = "https://datasheet.ciiva.com/22781/485442-22781497.pdf"; VariantName = "[No Variations]"
Change component parameters (AddParameter): Name = "ComponentLink6URL"; Value = "https://datasheet.ciiva.com/22781/485442-22781497.pdf"; VariantName = "[No Variations]"
Change component parameters (AddParameter): Name = "ComponentLink7Description"; Value = "https://datasheet.ciiva.com/9117/aoa0000ce26-9117707.pdf"; VariantName = "[No Variations]"
Change component parameters (AddParameter): Name = "ComponentLink7URL"; Value = "https://datasheet.ciiva.com/9117/aoa0000ce26-9117707.pdf"; VariantName = "[No Variations]"
Change component parameters (AddParameter): Name = "ComponentLink8Description"; Value = "https://datasheet.ciiva.com/43455/485442-43455227.pdf"; VariantName = "[No Variations]"
Change component parameters (AddParameter): Name = "ComponentLink8URL"; Value = "https://datasheet.ciiva.com/43455/485442-43455227.pdf"; VariantName = "[No Variations]"
Change component parameters (AddParameter): Name = "ComponentLink9Description"; Value = "https://datasheet.ciiva.com/16772/70068849-16772572.pdf"; VariantName = "[No Variations]"
Change component parameters (AddParameter): Name = "ComponentLink9URL"; Value = "https://datasheet.ciiva.com/16772/70068849-16772572.pdf"; VariantName = "[No Variations]"
Change component parameters (AddParameter): Name = "ComponentLink10Description"; Value = "https://datasheet.ciiva.com/48425/era-eng-tds-48425470.pdf"; VariantName = "[No Variations]"
Change component parameters (AddParameter): Name = "ComponentLink10URL"; Value = "https://datasheet.ciiva.com/48425/era-eng-tds-48425470.pdf"; VariantName = "[No Variations]"
Change component parameters (AddParameter): Name = "ComponentLink11Description"; Value = "https://datasheet.ciiva.com/30078/54aoa0000ce26-30078815.pdf"; VariantName = "[No Variations]"
Change component parameters (AddParameter): Name = "ComponentLink11URL"; Value = "https://datasheet.ciiva.com/30078/54aoa0000ce26-30078815.pdf"; VariantName = "[No Variations]"
Change component parameters (AddParameter): Name = "Height - Max"; Value = "0.55 mm"; VariantName = "[No Variations]"
Change component parameters (AddParameter): Name = "Manufacturer"; Value = "Panasonic"; VariantName = "[No Variations]"
Change component parameters (AddParameter): Name = "Manufacturer Part Number"; Value = "ERA-3AEB472V"; VariantName = "[No Variations]"
Change component parameters (AddParameter): Name = "No. of Terminations"; Value = "2"; VariantName = "[No Variations]"
Change component parameters (AddParameter): Name = "Operating Temp Range"; Value = "-55 to +155 °C"; VariantName = "[No Variations]"
Change component parameters (AddParameter): Name = "Overload Voltage - Max"; Value = "150 V"; VariantName = "[No Variations]"
Change component parameters (AddParameter): Name = "Pricing 1"; Value = "10=0.191, 100=0.109, 500=0.0637, 2500=0.0489 (EUR)"; VariantName = "[No Variations]"
Change component parameters (AddParameter): Name = "Rated Power"; Value = "0.1 W"; VariantName = "[No Variations]"
Change component parameters (AddParameter): Name = "Resistance"; Value = "4.7 kO"; VariantName = "[No Variations]"
Change component parameters (AddParameter): Name = "Stock 1"; Value = "4010"; VariantName = "[No Variations]"
Change component parameters (AddParameter): Name = "Supplier 1"; Value = "Farnell"; VariantName = "[No Variations]"
Change component parameters (AddParameter): Name = "Supplier Part Number 1"; Value = "1577615"; VariantName = "[No Variations]"
Change component parameters (AddParameter): Name = "Technology"; Value = "Thin Film"; VariantName = "[No Variations]"
Change component parameters (AddParameter): Name = "Temp Coefficient"; Value = "±25 ppm/°C"; VariantName = "[No Variations]"
Change component parameters (AddParameter): Name = "Tolerance (%)"; Value = "±0.1 %"; VariantName = "[No Variations]"
Change component parameters (AddParameter): Name = "Working Voltage-Nom"; Value = "75 V"; VariantName = "[No Variations]"
Change component parameters: Designator = "R2"; Footprint = "RES0603"; UniqueID = "\XVPGDUIL"
Change component parameters. Clean all parameters for all variants
Change component parameters (AddParameter): Name = "Case Size"; Value = "0603 (1608 Metric)"; VariantName = "[No Variations]"
Change component parameters (AddParameter): Name = "ComponentLink1Description"; Value = "https://datasheet.ciiva.com/11808/0900766b80fe20f7-11808039.pdf"; VariantName = "[No Variations]"
Change component parameters (AddParameter): Name = "ComponentLink1URL"; Value = "https://datasheet.ciiva.com/11808/0900766b80fe20f7-11808039.pdf"; VariantName = "[No Variations]"
Change component parameters (AddParameter): Name = "ComponentLink2Description"; Value = "https://datasheet.ciiva.com/29183/451124-da-01-en-widerstand-0603-era-29183789.pdf"; VariantName = "[No Variations]"
Change component parameters (AddParameter): Name = "ComponentLink2URL"; Value = "https://datasheet.ciiva.com/29183/451124-da-01-en-widerstand-0603-era-29183789.pdf"; VariantName = "[No Variations]"
Change component parameters (AddParameter): Name = "ComponentLink3Description"; Value = "https://datasheet.ciiva.com/22743/485442-22743061.pdf"; VariantName = "[No Variations]"
Change component parameters (AddParameter): Name = "ComponentLink3URL"; Value = "https://datasheet.ciiva.com/22743/485442-22743061.pdf"; VariantName = "[No Variations]"
Change component parameters (AddParameter): Name = "ComponentLink4Description"; Value = "https://datasheet.ciiva.com/46422/485442-46422693.pdf"; VariantName = "[No Variations]"
Change component parameters (AddParameter): Name = "ComponentLink4URL"; Value = "https://datasheet.ciiva.com/46422/485442-46422693.pdf"; VariantName = "[No Variations]"
Change component parameters (AddParameter): Name = "ComponentLink5Description"; Value = "https://datasheet.ciiva.com/9116/aoa0000ce26-9116681.pdf"; VariantName = "[No Variations]"
Change component parameters (AddParameter): Name = "ComponentLink5URL"; Value = "https://datasheet.ciiva.com/9116/aoa0000ce26-9116681.pdf"; VariantName = "[No Variations]"
Change component parameters (AddParameter): Name = "ComponentLink6Description"; Value = "https://datasheet.ciiva.com/22781/485442-22781497.pdf"; VariantName = "[No Variations]"
Change component parameters (AddParameter): Name = "ComponentLink6URL"; Value = "https://datasheet.ciiva.com/22781/485442-22781497.pdf"; VariantName = "[No Variations]"
Change component parameters (AddParameter): Name = "ComponentLink7Description"; Value = "https://datasheet.ciiva.com/9117/aoa0000ce26-9117707.pdf"; VariantName = "[No Variations]"
Change component parameters (AddParameter): Name = "ComponentLink7URL"; Value = "https://datasheet.ciiva.com/9117/aoa0000ce26-9117707.pdf"; VariantName = "[No Variations]"
Change component parameters (AddParameter): Name = "ComponentLink8Description"; Value = "https://datasheet.ciiva.com/43455/485442-43455227.pdf"; VariantName = "[No Variations]"
Change component parameters (AddParameter): Name = "ComponentLink8URL"; Value = "https://datasheet.ciiva.com/43455/485442-43455227.pdf"; VariantName = "[No Variations]"
Change component parameters (AddParameter): Name = "ComponentLink9Description"; Value = "https://datasheet.ciiva.com/16772/70068849-16772572.pdf"; VariantName = "[No Variations]"
Change component parameters (AddParameter): Name = "ComponentLink9URL"; Value = "https://datasheet.ciiva.com/16772/70068849-16772572.pdf"; VariantName = "[No Variations]"
Change component parameters (AddParameter): Name = "ComponentLink10Description"; Value = "https://datasheet.ciiva.com/48425/era-eng-tds-48425470.pdf"; VariantName = "[No Variations]"
Change component parameters (AddParameter): Name = "ComponentLink10URL"; Value = "https://datasheet.ciiva.com/48425/era-eng-tds-48425470.pdf"; VariantName = "[No Variations]"
Change component parameters (AddParameter): Name = "ComponentLink11Description"; Value = "https://datasheet.ciiva.com/30078/54aoa0000ce26-30078815.pdf"; VariantName = "[No Variations]"
Change component parameters (AddParameter): Name = "ComponentLink11URL"; Value = "https://datasheet.ciiva.com/30078/54aoa0000ce26-30078815.pdf"; VariantName = "[No Variations]"
Change component parameters (AddParameter): Name = "Height - Max"; Value = "0.55 mm"; VariantName = "[No Variations]"
Change component parameters (AddParameter): Name = "Manufacturer"; Value = "Panasonic"; VariantName = "[No Variations]"
Change component parameters (AddParameter): Name = "Manufacturer Part Number"; Value = "ERA-3AEB472V"; VariantName = "[No Variations]"
Change component parameters (AddParameter): Name = "No. of Terminations"; Value = "2"; VariantName = "[No Variations]"
Change component parameters (AddParameter): Name = "Operating Temp Range"; Value = "-55 to +155 °C"; VariantName = "[No Variations]"
Change component parameters (AddParameter): Name = "Overload Voltage - Max"; Value = "150 V"; VariantName = "[No Variations]"
Change component parameters (AddParameter): Name = "Pricing 1"; Value = "10=0.191, 100=0.109, 500=0.0637, 2500=0.0489 (EUR)"; VariantName = "[No Variations]"
Change component parameters (AddParameter): Name = "Rated Power"; Value = "0.1 W"; VariantName = "[No Variations]"
Change component parameters (AddParameter): Name = "Resistance"; Value = "4.7 kO"; VariantName = "[No Variations]"
Change component parameters (AddParameter): Name = "Stock 1"; Value = "4010"; VariantName = "[No Variations]"
Change component parameters (AddParameter): Name = "Supplier 1"; Value = "Farnell"; VariantName = "[No Variations]"
Change component parameters (AddParameter): Name = "Supplier Part Number 1"; Value = "1577615"; VariantName = "[No Variations]"
Change component parameters (AddParameter): Name = "Technology"; Value = "Thin Film"; VariantName = "[No Variations]"
Change component parameters (AddParameter): Name = "Temp Coefficient"; Value = "±25 ppm/°C"; VariantName = "[No Variations]"
Change component parameters (AddParameter): Name = "Tolerance (%)"; Value = "±0.1 %"; VariantName = "[No Variations]"
Change component parameters (AddParameter): Name = "Working Voltage-Nom"; Value = "75 V"; VariantName = "[No Variations]"
Change component parameters: Designator = "R3"; Footprint = "RES0603"; UniqueID = "\RFBTEYUN"
Change component parameters. Clean all parameters for all variants
Change component parameters (AddParameter): Name = "Case Size"; Value = "0603 (1608 Metric)"; VariantName = "[No Variations]"
Change component parameters (AddParameter): Name = "ComponentLink1Description"; Value = "https://datasheet.ciiva.com/11808/0900766b80fe20f7-11808039.pdf"; VariantName = "[No Variations]"
Change component parameters (AddParameter): Name = "ComponentLink1URL"; Value = "https://datasheet.ciiva.com/11808/0900766b80fe20f7-11808039.pdf"; VariantName = "[No Variations]"
Change component parameters (AddParameter): Name = "ComponentLink2Description"; Value = "https://datasheet.ciiva.com/29183/451124-da-01-en-widerstand-0603-era-29183789.pdf"; VariantName = "[No Variations]"
Change component parameters (AddParameter): Name = "ComponentLink2URL"; Value = "https://datasheet.ciiva.com/29183/451124-da-01-en-widerstand-0603-era-29183789.pdf"; VariantName = "[No Variations]"
Change component parameters (AddParameter): Name = "ComponentLink3Description"; Value = "https://datasheet.ciiva.com/22743/485442-22743061.pdf"; VariantName = "[No Variations]"
Change component parameters (AddParameter): Name = "ComponentLink3URL"; Value = "https://datasheet.ciiva.com/22743/485442-22743061.pdf"; VariantName = "[No Variations]"
Change component parameters (AddParameter): Name = "ComponentLink4Description"; Value = "https://datasheet.ciiva.com/46422/485442-46422693.pdf"; VariantName = "[No Variations]"
Change component parameters (AddParameter): Name = "ComponentLink4URL"; Value = "https://datasheet.ciiva.com/46422/485442-46422693.pdf"; VariantName = "[No Variations]"
Change component parameters (AddParameter): Name = "ComponentLink5Description"; Value = "https://datasheet.ciiva.com/9116/aoa0000ce26-9116681.pdf"; VariantName = "[No Variations]"
Change component parameters (AddParameter): Name = "ComponentLink5URL"; Value = "https://datasheet.ciiva.com/9116/aoa0000ce26-9116681.pdf"; VariantName = "[No Variations]"
Change component parameters (AddParameter): Name = "ComponentLink6Description"; Value = "https://datasheet.ciiva.com/22781/485442-22781497.pdf"; VariantName = "[No Variations]"
Change component parameters (AddParameter): Name = "ComponentLink6URL"; Value = "https://datasheet.ciiva.com/22781/485442-22781497.pdf"; VariantName = "[No Variations]"
Change component parameters (AddParameter): Name = "ComponentLink7Description"; Value = "https://datasheet.ciiva.com/9117/aoa0000ce26-9117707.pdf"; VariantName = "[No Variations]"
Change component parameters (AddParameter): Name = "ComponentLink7URL"; Value = "https://datasheet.ciiva.com/9117/aoa0000ce26-9117707.pdf"; VariantName = "[No Variations]"
Change component parameters (AddParameter): Name = "ComponentLink8Description"; Value = "https://datasheet.ciiva.com/43455/485442-43455227.pdf"; VariantName = "[No Variations]"
Change component parameters (AddParameter): Name = "ComponentLink8URL"; Value = "https://datasheet.ciiva.com/43455/485442-43455227.pdf"; VariantName = "[No Variations]"
Change component parameters (AddParameter): Name = "ComponentLink9Description"; Value = "https://datasheet.ciiva.com/16772/70068849-16772572.pdf"; VariantName = "[No Variations]"
Change component parameters (AddParameter): Name = "ComponentLink9URL"; Value = "https://datasheet.ciiva.com/16772/70068849-16772572.pdf"; VariantName = "[No Variations]"
Change component parameters (AddParameter): Name = "ComponentLink10Description"; Value = "https://datasheet.ciiva.com/48425/era-eng-tds-48425470.pdf"; VariantName = "[No Variations]"
Change component parameters (AddParameter): Name = "ComponentLink10URL"; Value = "https://datasheet.ciiva.com/48425/era-eng-tds-48425470.pdf"; VariantName = "[No Variations]"
Change component parameters (AddParameter): Name = "ComponentLink11Description"; Value = "https://datasheet.ciiva.com/30078/54aoa0000ce26-30078815.pdf"; VariantName = "[No Variations]"
Change component parameters (AddParameter): Name = "ComponentLink11URL"; Value = "https://datasheet.ciiva.com/30078/54aoa0000ce26-30078815.pdf"; VariantName = "[No Variations]"
Change component parameters (AddParameter): Name = "Height - Max"; Value = "0.55 mm"; VariantName = "[No Variations]"
Change component parameters (AddParameter): Name = "Manufacturer"; Value = "Panasonic"; VariantName = "[No Variations]"
Change component parameters (AddParameter): Name = "Manufacturer Part Number"; Value = "ERA-3AEB472V"; VariantName = "[No Variations]"
Change component parameters (AddParameter): Name = "No. of Terminations"; Value = "2"; VariantName = "[No Variations]"
Change component parameters (AddParameter): Name = "Operating Temp Range"; Value = "-55 to +155 °C"; VariantName = "[No Variations]"
Change component parameters (AddParameter): Name = "Overload Voltage - Max"; Value = "150 V"; VariantName = "[No Variations]"
Change component parameters (AddParameter): Name = "Pricing 1"; Value = "10=0.191, 100=0.109, 500=0.0637, 2500=0.0489 (EUR)"; VariantName = "[No Variations]"
Change component parameters (AddParameter): Name = "Rated Power"; Value = "0.1 W"; VariantName = "[No Variations]"
Change component parameters (AddParameter): Name = "Resistance"; Value = "4.7 kO"; VariantName = "[No Variations]"
Change component parameters (AddParameter): Name = "Stock 1"; Value = "4010"; VariantName = "[No Variations]"
Change component parameters (AddParameter): Name = "Supplier 1"; Value = "Farnell"; VariantName = "[No Variations]"
Change component parameters (AddParameter): Name = "Supplier Part Number 1"; Value = "1577615"; VariantName = "[No Variations]"
Change component parameters (AddParameter): Name = "Technology"; Value = "Thin Film"; VariantName = "[No Variations]"
Change component parameters (AddParameter): Name = "Temp Coefficient"; Value = "±25 ppm/°C"; VariantName = "[No Variations]"
Change component parameters (AddParameter): Name = "Tolerance (%)"; Value = "±0.1 %"; VariantName = "[No Variations]"
Change component parameters (AddParameter): Name = "Working Voltage-Nom"; Value = "75 V"; VariantName = "[No Variations]"
Change component parameters: Designator = "R4"; Footprint = "RES0603"; UniqueID = "\WABOGOIS"
Change component parameters. Clean all parameters for all variants
Change component parameters (AddParameter): Name = "Case Size"; Value = "0603 (1608 Metric)"; VariantName = "[No Variations]"
Change component parameters (AddParameter): Name = "ComponentLink1Description"; Value = "https://datasheet.ciiva.com/11808/0900766b80fe20f7-11808039.pdf"; VariantName = "[No Variations]"
Change component parameters (AddParameter): Name = "ComponentLink1URL"; Value = "https://datasheet.ciiva.com/11808/0900766b80fe20f7-11808039.pdf"; VariantName = "[No Variations]"
Change component parameters (AddParameter): Name = "ComponentLink2Description"; Value = "https://datasheet.ciiva.com/29183/451124-da-01-en-widerstand-0603-era-29183789.pdf"; VariantName = "[No Variations]"
Change component parameters (AddParameter): Name = "ComponentLink2URL"; Value = "https://datasheet.ciiva.com/29183/451124-da-01-en-widerstand-0603-era-29183789.pdf"; VariantName = "[No Variations]"
Change component parameters (AddParameter): Name = "ComponentLink3Description"; Value = "https://datasheet.ciiva.com/22743/485442-22743061.pdf"; VariantName = "[No Variations]"
Change component parameters (AddParameter): Name = "ComponentLink3URL"; Value = "https://datasheet.ciiva.com/22743/485442-22743061.pdf"; VariantName = "[No Variations]"
Change component parameters (AddParameter): Name = "ComponentLink4Description"; Value = "https://datasheet.ciiva.com/46422/485442-46422693.pdf"; VariantName = "[No Variations]"
Change component parameters (AddParameter): Name = "ComponentLink4URL"; Value = "https://datasheet.ciiva.com/46422/485442-46422693.pdf"; VariantName = "[No Variations]"
Change component parameters (AddParameter): Name = "ComponentLink5Description"; Value = "https://datasheet.ciiva.com/9116/aoa0000ce26-9116681.pdf"; VariantName = "[No Variations]"
Change component parameters (AddParameter): Name = "ComponentLink5URL"; Value = "https://datasheet.ciiva.com/9116/aoa0000ce26-9116681.pdf"; VariantName = "[No Variations]"
Change component parameters (AddParameter): Name = "ComponentLink6Description"; Value = "https://datasheet.ciiva.com/22781/485442-22781497.pdf"; VariantName = "[No Variations]"
Change component parameters (AddParameter): Name = "ComponentLink6URL"; Value = "https://datasheet.ciiva.com/22781/485442-22781497.pdf"; VariantName = "[No Variations]"
Change component parameters (AddParameter): Name = "ComponentLink7Description"; Value = "https://datasheet.ciiva.com/9117/aoa0000ce26-9117707.pdf"; VariantName = "[No Variations]"
Change component parameters (AddParameter): Name = "ComponentLink7URL"; Value = "https://datasheet.ciiva.com/9117/aoa0000ce26-9117707.pdf"; VariantName = "[No Variations]"
Change component parameters (AddParameter): Name = "ComponentLink8Description"; Value = "https://datasheet.ciiva.com/43455/485442-43455227.pdf"; VariantName = "[No Variations]"
Change component parameters (AddParameter): Name = "ComponentLink8URL"; Value = "https://datasheet.ciiva.com/43455/485442-43455227.pdf"; VariantName = "[No Variations]"
Change component parameters (AddParameter): Name = "ComponentLink9Description"; Value = "https://datasheet.ciiva.com/16772/70068849-16772572.pdf"; VariantName = "[No Variations]"
Change component parameters (AddParameter): Name = "ComponentLink9URL"; Value = "https://datasheet.ciiva.com/16772/70068849-16772572.pdf"; VariantName = "[No Variations]"
Change component parameters (AddParameter): Name = "ComponentLink10Description"; Value = "https://datasheet.ciiva.com/48425/era-eng-tds-48425470.pdf"; VariantName = "[No Variations]"
Change component parameters (AddParameter): Name = "ComponentLink10URL"; Value = "https://datasheet.ciiva.com/48425/era-eng-tds-48425470.pdf"; VariantName = "[No Variations]"
Change component parameters (AddParameter): Name = "ComponentLink11Description"; Value = "https://datasheet.ciiva.com/30078/54aoa0000ce26-30078815.pdf"; VariantName = "[No Variations]"
Change component parameters (AddParameter): Name = "ComponentLink11URL"; Value = "https://datasheet.ciiva.com/30078/54aoa0000ce26-30078815.pdf"; VariantName = "[No Variations]"
Change component parameters (AddParameter): Name = "Height - Max"; Value = "0.55 mm"; VariantName = "[No Variations]"
Change component parameters (AddParameter): Name = "Manufacturer"; Value = "Panasonic"; VariantName = "[No Variations]"
Change component parameters (AddParameter): Name = "Manufacturer Part Number"; Value = "ERA-3AEB472V"; VariantName = "[No Variations]"
Change component parameters (AddParameter): Name = "No. of Terminations"; Value = "2"; VariantName = "[No Variations]"
Change component parameters (AddParameter): Name = "Operating Temp Range"; Value = "-55 to +155 °C"; VariantName = "[No Variations]"
Change component parameters (AddParameter): Name = "Overload Voltage - Max"; Value = "150 V"; VariantName = "[No Variations]"
Change component parameters (AddParameter): Name = "Pricing 1"; Value = "10=0.191, 100=0.109, 500=0.0637, 2500=0.0489 (EUR)"; VariantName = "[No Variations]"
Change component parameters (AddParameter): Name = "Rated Power"; Value = "0.1 W"; VariantName = "[No Variations]"
Change component parameters (AddParameter): Name = "Resistance"; Value = "4.7 kO"; VariantName = "[No Variations]"
Change component parameters (AddParameter): Name = "Stock 1"; Value = "4010"; VariantName = "[No Variations]"
Change component parameters (AddParameter): Name = "Supplier 1"; Value = "Farnell"; VariantName = "[No Variations]"
Change component parameters (AddParameter): Name = "Supplier Part Number 1"; Value = "1577615"; VariantName = "[No Variations]"
Change component parameters (AddParameter): Name = "Technology"; Value = "Thin Film"; VariantName = "[No Variations]"
Change component parameters (AddParameter): Name = "Temp Coefficient"; Value = "±25 ppm/°C"; VariantName = "[No Variations]"
Change component parameters (AddParameter): Name = "Tolerance (%)"; Value = "±0.1 %"; VariantName = "[No Variations]"
Change component parameters (AddParameter): Name = "Working Voltage-Nom"; Value = "75 V"; VariantName = "[No Variations]"
Change component parameters: Designator = "R5"; Footprint = "RES0603"; UniqueID = "\NPUACWCC"
Change component parameters. Clean all parameters for all variants
Change component parameters (AddParameter): Name = "Case Size"; Value = "0603 (1608 Metric)"; VariantName = "[No Variations]"
Change component parameters (AddParameter): Name = "ComponentLink1Description"; Value = "https://datasheet.ciiva.com/11808/0900766b80fe20f7-11808039.pdf"; VariantName = "[No Variations]"
Change component parameters (AddParameter): Name = "ComponentLink1URL"; Value = "https://datasheet.ciiva.com/11808/0900766b80fe20f7-11808039.pdf"; VariantName = "[No Variations]"
Change component parameters (AddParameter): Name = "ComponentLink2Description"; Value = "https://datasheet.ciiva.com/29183/451124-da-01-en-widerstand-0603-era-29183789.pdf"; VariantName = "[No Variations]"
Change component parameters (AddParameter): Name = "ComponentLink2URL"; Value = "https://datasheet.ciiva.com/29183/451124-da-01-en-widerstand-0603-era-29183789.pdf"; VariantName = "[No Variations]"
Change component parameters (AddParameter): Name = "ComponentLink3Description"; Value = "https://datasheet.ciiva.com/22743/485442-22743061.pdf"; VariantName = "[No Variations]"
Change component parameters (AddParameter): Name = "ComponentLink3URL"; Value = "https://datasheet.ciiva.com/22743/485442-22743061.pdf"; VariantName = "[No Variations]"
Change component parameters (AddParameter): Name = "ComponentLink4Description"; Value = "https://datasheet.ciiva.com/46422/485442-46422693.pdf"; VariantName = "[No Variations]"
Change component parameters (AddParameter): Name = "ComponentLink4URL"; Value = "https://datasheet.ciiva.com/46422/485442-46422693.pdf"; VariantName = "[No Variations]"
Change component parameters (AddParameter): Name = "ComponentLink5Description"; Value = "https://datasheet.ciiva.com/9116/aoa0000ce26-9116681.pdf"; VariantName = "[No Variations]"
Change component parameters (AddParameter): Name = "ComponentLink5URL"; Value = "https://datasheet.ciiva.com/9116/aoa0000ce26-9116681.pdf"; VariantName = "[No Variations]"
Change component parameters (AddParameter): Name = "ComponentLink6Description"; Value = "https://datasheet.ciiva.com/22781/485442-22781497.pdf"; VariantName = "[No Variations]"
Change component parameters (AddParameter): Name = "ComponentLink6URL"; Value = "https://datasheet.ciiva.com/22781/485442-22781497.pdf"; VariantName = "[No Variations]"
Change component parameters (AddParameter): Name = "ComponentLink7Description"; Value = "https://datasheet.ciiva.com/9117/aoa0000ce26-9117707.pdf"; VariantName = "[No Variations]"
Change component parameters (AddParameter): Name = "ComponentLink7URL"; Value = "https://datasheet.ciiva.com/9117/aoa0000ce26-9117707.pdf"; VariantName = "[No Variations]"
Change component parameters (AddParameter): Name = "ComponentLink8Description"; Value = "https://datasheet.ciiva.com/43455/485442-43455227.pdf"; VariantName = "[No Variations]"
Change component parameters (AddParameter): Name = "ComponentLink8URL"; Value = "https://datasheet.ciiva.com/43455/485442-43455227.pdf"; VariantName = "[No Variations]"
Change component parameters (AddParameter): Name = "ComponentLink9Description"; Value = "https://datasheet.ciiva.com/16772/70068849-16772572.pdf"; VariantName = "[No Variations]"
Change component parameters (AddParameter): Name = "ComponentLink9URL"; Value = "https://datasheet.ciiva.com/16772/70068849-16772572.pdf"; VariantName = "[No Variations]"
Change component parameters (AddParameter): Name = "ComponentLink10Description"; Value = "https://datasheet.ciiva.com/48425/era-eng-tds-48425470.pdf"; VariantName = "[No Variations]"
Change component parameters (AddParameter): Name = "ComponentLink10URL"; Value = "https://datasheet.ciiva.com/48425/era-eng-tds-48425470.pdf"; VariantName = "[No Variations]"
Change component parameters (AddParameter): Name = "ComponentLink11Description"; Value = "https://datasheet.ciiva.com/30078/54aoa0000ce26-30078815.pdf"; VariantName = "[No Variations]"
Change component parameters (AddParameter): Name = "ComponentLink11URL"; Value = "https://datasheet.ciiva.com/30078/54aoa0000ce26-30078815.pdf"; VariantName = "[No Variations]"
Change component parameters (AddParameter): Name = "Height - Max"; Value = "0.55 mm"; VariantName = "[No Variations]"
Change component parameters (AddParameter): Name = "Manufacturer"; Value = "Panasonic"; VariantName = "[No Variations]"
Change component parameters (AddParameter): Name = "Manufacturer Part Number"; Value = "ERA-3AEB472V"; VariantName = "[No Variations]"
Change component parameters (AddParameter): Name = "No. of Terminations"; Value = "2"; VariantName = "[No Variations]"
Change component parameters (AddParameter): Name = "Operating Temp Range"; Value = "-55 to +155 °C"; VariantName = "[No Variations]"
Change component parameters (AddParameter): Name = "Overload Voltage - Max"; Value = "150 V"; VariantName = "[No Variations]"
Change component parameters (AddParameter): Name = "Pricing 1"; Value = "10=0.191, 100=0.109, 500=0.0637, 2500=0.0489 (EUR)"; VariantName = "[No Variations]"
Change component parameters (AddParameter): Name = "Rated Power"; Value = "0.1 W"; VariantName = "[No Variations]"
Change component parameters (AddParameter): Name = "Resistance"; Value = "4.7 kO"; VariantName = "[No Variations]"
Change component parameters (AddParameter): Name = "Stock 1"; Value = "4010"; VariantName = "[No Variations]"
Change component parameters (AddParameter): Name = "Supplier 1"; Value = "Farnell"; VariantName = "[No Variations]"
Change component parameters (AddParameter): Name = "Supplier Part Number 1"; Value = "1577615"; VariantName = "[No Variations]"
Change component parameters (AddParameter): Name = "Technology"; Value = "Thin Film"; VariantName = "[No Variations]"
Change component parameters (AddParameter): Name = "Temp Coefficient"; Value = "±25 ppm/°C"; VariantName = "[No Variations]"
Change component parameters (AddParameter): Name = "Tolerance (%)"; Value = "±0.1 %"; VariantName = "[No Variations]"
Change component parameters (AddParameter): Name = "Working Voltage-Nom"; Value = "75 V"; VariantName = "[No Variations]"
Change component parameters: Designator = "R6"; Footprint = "RES0603"; UniqueID = "\KGHANBIT"
Change component parameters. Clean all parameters for all variants
Change component parameters (AddParameter): Name = "Case Size"; Value = "0603 (1608 Metric)"; VariantName = "[No Variations]"
Change component parameters (AddParameter): Name = "ComponentLink1Description"; Value = "https://datasheet.ciiva.com/11808/0900766b80fe20f7-11808039.pdf"; VariantName = "[No Variations]"
Change component parameters (AddParameter): Name = "ComponentLink1URL"; Value = "https://datasheet.ciiva.com/11808/0900766b80fe20f7-11808039.pdf"; VariantName = "[No Variations]"
Change component parameters (AddParameter): Name = "ComponentLink2Description"; Value = "https://datasheet.ciiva.com/29183/451124-da-01-en-widerstand-0603-era-29183789.pdf"; VariantName = "[No Variations]"
Change component parameters (AddParameter): Name = "ComponentLink2URL"; Value = "https://datasheet.ciiva.com/29183/451124-da-01-en-widerstand-0603-era-29183789.pdf"; VariantName = "[No Variations]"
Change component parameters (AddParameter): Name = "ComponentLink3Description"; Value = "https://datasheet.ciiva.com/22743/485442-22743061.pdf"; VariantName = "[No Variations]"
Change component parameters (AddParameter): Name = "ComponentLink3URL"; Value = "https://datasheet.ciiva.com/22743/485442-22743061.pdf"; VariantName = "[No Variations]"
Change component parameters (AddParameter): Name = "ComponentLink4Description"; Value = "https://datasheet.ciiva.com/46422/485442-46422693.pdf"; VariantName = "[No Variations]"
Change component parameters (AddParameter): Name = "ComponentLink4URL"; Value = "https://datasheet.ciiva.com/46422/485442-46422693.pdf"; VariantName = "[No Variations]"
Change component parameters (AddParameter): Name = "ComponentLink5Description"; Value = "https://datasheet.ciiva.com/9116/aoa0000ce26-9116681.pdf"; VariantName = "[No Variations]"
Change component parameters (AddParameter): Name = "ComponentLink5URL"; Value = "https://datasheet.ciiva.com/9116/aoa0000ce26-9116681.pdf"; VariantName = "[No Variations]"
Change component parameters (AddParameter): Name = "ComponentLink6Description"; Value = "https://datasheet.ciiva.com/22781/485442-22781497.pdf"; VariantName = "[No Variations]"
Change component parameters (AddParameter): Name = "ComponentLink6URL"; Value = "https://datasheet.ciiva.com/22781/485442-22781497.pdf"; VariantName = "[No Variations]"
Change component parameters (AddParameter): Name = "ComponentLink7Description"; Value = "https://datasheet.ciiva.com/9117/aoa0000ce26-9117707.pdf"; VariantName = "[No Variations]"
Change component parameters (AddParameter): Name = "ComponentLink7URL"; Value = "https://datasheet.ciiva.com/9117/aoa0000ce26-9117707.pdf"; VariantName = "[No Variations]"
Change component parameters (AddParameter): Name = "ComponentLink8Description"; Value = "https://datasheet.ciiva.com/43455/485442-43455227.pdf"; VariantName = "[No Variations]"
Change component parameters (AddParameter): Name = "ComponentLink8URL"; Value = "https://datasheet.ciiva.com/43455/485442-43455227.pdf"; VariantName = "[No Variations]"
Change component parameters (AddParameter): Name = "ComponentLink9Description"; Value = "https://datasheet.ciiva.com/16772/70068849-16772572.pdf"; VariantName = "[No Variations]"
Change component parameters (AddParameter): Name = "ComponentLink9URL"; Value = "https://datasheet.ciiva.com/16772/70068849-16772572.pdf"; VariantName = "[No Variations]"
Change component parameters (AddParameter): Name = "ComponentLink10Description"; Value = "https://datasheet.ciiva.com/48425/era-eng-tds-48425470.pdf"; VariantName = "[No Variations]"
Change component parameters (AddParameter): Name = "ComponentLink10URL"; Value = "https://datasheet.ciiva.com/48425/era-eng-tds-48425470.pdf"; VariantName = "[No Variations]"
Change component parameters (AddParameter): Name = "ComponentLink11Description"; Value = "https://datasheet.ciiva.com/30078/54aoa0000ce26-30078815.pdf"; VariantName = "[No Variations]"
Change component parameters (AddParameter): Name = "ComponentLink11URL"; Value = "https://datasheet.ciiva.com/30078/54aoa0000ce26-30078815.pdf"; VariantName = "[No Variations]"
Change component parameters (AddParameter): Name = "Height - Max"; Value = "0.55 mm"; VariantName = "[No Variations]"
Change component parameters (AddParameter): Name = "Manufacturer"; Value = "Panasonic"; VariantName = "[No Variations]"
Change component parameters (AddParameter): Name = "Manufacturer Part Number"; Value = "ERA-3AEB472V"; VariantName = "[No Variations]"
Change component parameters (AddParameter): Name = "No. of Terminations"; Value = "2"; VariantName = "[No Variations]"
Change component parameters (AddParameter): Name = "Operating Temp Range"; Value = "-55 to +155 °C"; VariantName = "[No Variations]"
Change component parameters (AddParameter): Name = "Overload Voltage - Max"; Value = "150 V"; VariantName = "[No Variations]"
Change component parameters (AddParameter): Name = "Pricing 1"; Value = "10=0.191, 100=0.109, 500=0.0637, 2500=0.0489 (EUR)"; VariantName = "[No Variations]"
Change component parameters (AddParameter): Name = "Rated Power"; Value = "0.1 W"; VariantName = "[No Variations]"
Change component parameters (AddParameter): Name = "Resistance"; Value = "4.7 kO"; VariantName = "[No Variations]"
Change component parameters (AddParameter): Name = "Stock 1"; Value = "4010"; VariantName = "[No Variations]"
Change component parameters (AddParameter): Name = "Supplier 1"; Value = "Farnell"; VariantName = "[No Variations]"
Change component parameters (AddParameter): Name = "Supplier Part Number 1"; Value = "1577615"; VariantName = "[No Variations]"
Change component parameters (AddParameter): Name = "Technology"; Value = "Thin Film"; VariantName = "[No Variations]"
Change component parameters (AddParameter): Name = "Temp Coefficient"; Value = "±25 ppm/°C"; VariantName = "[No Variations]"
Change component parameters (AddParameter): Name = "Tolerance (%)"; Value = "±0.1 %"; VariantName = "[No Variations]"
Change component parameters (AddParameter): Name = "Working Voltage-Nom"; Value = "75 V"; VariantName = "[No Variations]"
Change component parameters: Designator = "R7"; Footprint = "RES0603"; UniqueID = "\TIIXIJKP"
Change component parameters. Clean all parameters for all variants
Change component parameters (AddParameter): Name = "Case Size"; Value = "0603 (1608 Metric)"; VariantName = "[No Variations]"
Change component parameters (AddParameter): Name = "ComponentLink1Description"; Value = "https://datasheet.ciiva.com/11808/0900766b80fe20f7-11808039.pdf"; VariantName = "[No Variations]"
Change component parameters (AddParameter): Name = "ComponentLink1URL"; Value = "https://datasheet.ciiva.com/11808/0900766b80fe20f7-11808039.pdf"; VariantName = "[No Variations]"
Change component parameters (AddParameter): Name = "ComponentLink2Description"; Value = "https://datasheet.ciiva.com/29183/451124-da-01-en-widerstand-0603-era-29183789.pdf"; VariantName = "[No Variations]"
Change component parameters (AddParameter): Name = "ComponentLink2URL"; Value = "https://datasheet.ciiva.com/29183/451124-da-01-en-widerstand-0603-era-29183789.pdf"; VariantName = "[No Variations]"
Change component parameters (AddParameter): Name = "ComponentLink3Description"; Value = "https://datasheet.ciiva.com/22743/485442-22743061.pdf"; VariantName = "[No Variations]"
Change component parameters (AddParameter): Name = "ComponentLink3URL"; Value = "https://datasheet.ciiva.com/22743/485442-22743061.pdf"; VariantName = "[No Variations]"
Change component parameters (AddParameter): Name = "ComponentLink4Description"; Value = "https://datasheet.ciiva.com/46422/485442-46422693.pdf"; VariantName = "[No Variations]"
Change component parameters (AddParameter): Name = "ComponentLink4URL"; Value = "https://datasheet.ciiva.com/46422/485442-46422693.pdf"; VariantName = "[No Variations]"
Change component parameters (AddParameter): Name = "ComponentLink5Description"; Value = "https://datasheet.ciiva.com/9116/aoa0000ce26-9116681.pdf"; VariantName = "[No Variations]"
Change component parameters (AddParameter): Name = "ComponentLink5URL"; Value = "https://datasheet.ciiva.com/9116/aoa0000ce26-9116681.pdf"; VariantName = "[No Variations]"
Change component parameters (AddParameter): Name = "ComponentLink6Description"; Value = "https://datasheet.ciiva.com/22781/485442-22781497.pdf"; VariantName = "[No Variations]"
Change component parameters (AddParameter): Name = "ComponentLink6URL"; Value = "https://datasheet.ciiva.com/22781/485442-22781497.pdf"; VariantName = "[No Variations]"
Change component parameters (AddParameter): Name = "ComponentLink7Description"; Value = "https://datasheet.ciiva.com/9117/aoa0000ce26-9117707.pdf"; VariantName = "[No Variations]"
Change component parameters (AddParameter): Name = "ComponentLink7URL"; Value = "https://datasheet.ciiva.com/9117/aoa0000ce26-9117707.pdf"; VariantName = "[No Variations]"
Change component parameters (AddParameter): Name = "ComponentLink8Description"; Value = "https://datasheet.ciiva.com/43455/485442-43455227.pdf"; VariantName = "[No Variations]"
Change component parameters (AddParameter): Name = "ComponentLink8URL"; Value = "https://datasheet.ciiva.com/43455/485442-43455227.pdf"; VariantName = "[No Variations]"
Change component parameters (AddParameter): Name = "ComponentLink9Description"; Value = "https://datasheet.ciiva.com/16772/70068849-16772572.pdf"; VariantName = "[No Variations]"
Change component parameters (AddParameter): Name = "ComponentLink9URL"; Value = "https://datasheet.ciiva.com/16772/70068849-16772572.pdf"; VariantName = "[No Variations]"
Change component parameters (AddParameter): Name = "ComponentLink10Description"; Value = "https://datasheet.ciiva.com/48425/era-eng-tds-48425470.pdf"; VariantName = "[No Variations]"
Change component parameters (AddParameter): Name = "ComponentLink10URL"; Value = "https://datasheet.ciiva.com/48425/era-eng-tds-48425470.pdf"; VariantName = "[No Variations]"
Change component parameters (AddParameter): Name = "ComponentLink11Description"; Value = "https://datasheet.ciiva.com/30078/54aoa0000ce26-30078815.pdf"; VariantName = "[No Variations]"
Change component parameters (AddParameter): Name = "ComponentLink11URL"; Value = "https://datasheet.ciiva.com/30078/54aoa0000ce26-30078815.pdf"; VariantName = "[No Variations]"
Change component parameters (AddParameter): Name = "Height - Max"; Value = "0.55 mm"; VariantName = "[No Variations]"
Change component parameters (AddParameter): Name = "Manufacturer"; Value = "Panasonic"; VariantName = "[No Variations]"
Change component parameters (AddParameter): Name = "Manufacturer Part Number"; Value = "ERA-3AEB472V"; VariantName = "[No Variations]"
Change component parameters (AddParameter): Name = "No. of Terminations"; Value = "2"; VariantName = "[No Variations]"
Change component parameters (AddParameter): Name = "Operating Temp Range"; Value = "-55 to +155 °C"; VariantName = "[No Variations]"
Change component parameters (AddParameter): Name = "Overload Voltage - Max"; Value = "150 V"; VariantName = "[No Variations]"
Change component parameters (AddParameter): Name = "Pricing 1"; Value = "10=0.191, 100=0.109, 500=0.0637, 2500=0.0489 (EUR)"; VariantName = "[No Variations]"
Change component parameters (AddParameter): Name = "Rated Power"; Value = "0.1 W"; VariantName = "[No Variations]"
Change component parameters (AddParameter): Name = "Resistance"; Value = "4.7 kO"; VariantName = "[No Variations]"
Change component parameters (AddParameter): Name = "Stock 1"; Value = "4010"; VariantName = "[No Variations]"
Change component parameters (AddParameter): Name = "Supplier 1"; Value = "Farnell"; VariantName = "[No Variations]"
Change component parameters (AddParameter): Name = "Supplier Part Number 1"; Value = "1577615"; VariantName = "[No Variations]"
Change component parameters (AddParameter): Name = "Technology"; Value = "Thin Film"; VariantName = "[No Variations]"
Change component parameters (AddParameter): Name = "Temp Coefficient"; Value = "±25 ppm/°C"; VariantName = "[No Variations]"
Change component parameters (AddParameter): Name = "Tolerance (%)"; Value = "±0.1 %"; VariantName = "[No Variations]"
Change component parameters (AddParameter): Name = "Working Voltage-Nom"; Value = "75 V"; VariantName = "[No Variations]"
Change component parameters: Designator = "U3"; Footprint = "SD_CARD"; UniqueID = "\GBRWPJFI"
Change component parameters. Clean all parameters for all variants
Change component parameters (AddParameter): Name = "Card Type"; Value = "Secure Digital - microSD™"; VariantName = "[No Variations]"
Change component parameters (AddParameter): Name = "Category"; Value = "Connectors, Interconnects"; VariantName = "[No Variations]"
Change component parameters (AddParameter): Name = "ComponentLink1Description"; Value = "https://datasheet.ciiva.com/683/e60900232-683360.pdf"; VariantName = "[No Variations]"
Change component parameters (AddParameter): Name = "ComponentLink1URL"; Value = "https://datasheet.ciiva.com/683/e60900232-683360.pdf"; VariantName = "[No Variations]"
Change component parameters (AddParameter): Name = "ComponentLink2Description"; Value = "https://datasheet.ciiva.com/683/e60900232-683361.pdf"; VariantName = "[No Variations]"
Change component parameters (AddParameter): Name = "ComponentLink2URL"; Value = "https://datasheet.ciiva.com/683/e60900232-683361.pdf"; VariantName = "[No Variations]"
Change component parameters (AddParameter): Name = "ComponentLink3Description"; Value = "https://datasheet.ciiva.com/7651/1465328-7651895.pdf"; VariantName = "[No Variations]"
Change component parameters (AddParameter): Name = "ComponentLink3URL"; Value = "https://datasheet.ciiva.com/7651/1465328-7651895.pdf"; VariantName = "[No Variations]"
Change component parameters (AddParameter): Name = "ComponentLink4Description"; Value = "https://datasheet.ciiva.com/3122/e60900232-3122536.pdf"; VariantName = "[No Variations]"
Change component parameters (AddParameter): Name = "ComponentLink4URL"; Value = "https://datasheet.ciiva.com/3122/e60900232-3122536.pdf"; VariantName = "[No Variations]"
Change component parameters (AddParameter): Name = "ComponentLink5Description"; Value = "https://datasheet.ciiva.com/4581/e60900232-38395-4581034.pdf"; VariantName = "[No Variations]"
Change component parameters (AddParameter): Name = "ComponentLink5URL"; Value = "https://datasheet.ciiva.com/4581/e60900232-38395-4581034.pdf"; VariantName = "[No Variations]"
Change component parameters (AddParameter): Name = "ComponentLink6Description"; Value = "https://datasheet.ciiva.com/16434/e60900232-16434058.pdf"; VariantName = "[No Variations]"
Change component parameters (AddParameter): Name = "ComponentLink6URL"; Value = "https://datasheet.ciiva.com/16434/e60900232-16434058.pdf"; VariantName = "[No Variations]"
Change component parameters (AddParameter): Name = "ComponentLink7Description"; Value = "https://datasheet.ciiva.com/16655/e60900232-16655644.pdf"; VariantName = "[No Variations]"
Change component parameters (AddParameter): Name = "ComponentLink7URL"; Value = "https://datasheet.ciiva.com/16655/e60900232-16655644.pdf"; VariantName = "[No Variations]"
Change component parameters (AddParameter): Name = "ComponentLink8Description"; Value = "https://datasheet.ciiva.com/683/e60900232-683359.pdf"; VariantName = "[No Variations]"
Change component parameters (AddParameter): Name = "ComponentLink8URL"; Value = "https://datasheet.ciiva.com/683/e60900232-683359.pdf"; VariantName = "[No Variations]"
Change component parameters (AddParameter): Name = "Connector Type"; Value = "Connector and Ejector"; VariantName = "[No Variations]"
Change component parameters (AddParameter): Name = "Contact Finish"; Value = "Gold"; VariantName = "[No Variations]"
Change component parameters (AddParameter): Name = "Contact Finish Thickness"; Value = "-"; VariantName = "[No Variations]"
Change component parameters (AddParameter): Name = "Ejector Side"; Value = "-"; VariantName = "[No Variations]"
Change component parameters (AddParameter): Name = "Family"; Value = "Memory Connectors - PC Card Sockets"; VariantName = "[No Variations]"
Change component parameters (AddParameter): Name = "Featured Product"; Value = "DM3CS Connector"; VariantName = "[No Variations]"
Change component parameters (AddParameter): Name = "Features"; Value = "Switch"; VariantName = "[No Variations]"
Change component parameters (AddParameter): Name = "Height Above Board"; Value = "0.072" (1.83mm)"; VariantName = "[No Variations]"
Change component parameters (AddParameter): Name = "HTML Datasheet"; Value = "DM3 Series microSD.html"; VariantName = "[No Variations]"
Change component parameters (AddParameter): Name = "Insertion, Removal Method"; Value = "Hinged Lid"; VariantName = "[No Variations]"
Change component parameters (AddParameter): Name = "Manufacturer"; Value = "Hirose"; VariantName = "[No Variations]"
Change component parameters (AddParameter): Name = "Manufacturer Part Number"; Value = "DM3CS-SF"; VariantName = "[No Variations]"
Change component parameters (AddParameter): Name = "Mounting Feature"; Value = "Normal, Standard - Top"; VariantName = "[No Variations]"
Change component parameters (AddParameter): Name = "Mounting Type"; Value = "Surface Mount, Right Angle"; VariantName = "[No Variations]"
Change component parameters (AddParameter): Name = "Number of Positions"; Value = "10 (8 + 2)"; VariantName = "[No Variations]"
Change component parameters (AddParameter): Name = "Online Catalog"; Value = "DM3 Series"; VariantName = "[No Variations]"
Change component parameters (AddParameter): Name = "Other Names"; Value = "HR1972DKR"; VariantName = "[No Variations]"
Change component parameters (AddParameter): Name = "Packaging"; Value = "Digi-Reel®"; VariantName = "[No Variations]"
Change component parameters (AddParameter): Name = "Product Training Modules"; Value = "DM3 Series microSD Card Sockets"; VariantName = "[No Variations]"
Change component parameters (AddParameter): Name = "Series"; Value = "DM3"; VariantName = "[No Variations]"
Change component parameters (AddParameter): Name = "Standard Package"; Value = "1"; VariantName = "[No Variations]"
Change component parameters (AddParameter): Name = "Stock 1"; Value = "0"; VariantName = "[No Variations]"
Change component parameters (AddParameter): Name = "Supplier 1"; Value = "Farnell"; VariantName = "[No Variations]"
Change component parameters (AddParameter): Name = "Supplier Part Number 1"; Value = "1764376"; VariantName = "[No Variations]"
Change component parameters: Designator = "B1"; Footprint = "B3F-1050"; UniqueID = "\STPOVUUM"
Change component parameters. Clean all parameters for all variants
Change component parameters (AddParameter): Name = "Actuator Color"; Value = "Black"; VariantName = "[No Variations]"
Change component parameters (AddParameter): Name = "Actuator Length"; Value = "4.7 mm"; VariantName = "[No Variations]"
Change component parameters (AddParameter): Name = "Actuator Style"; Value = "Projected Plunger"; VariantName = "[No Variations]"
Change component parameters (AddParameter): Name = "Base Material"; Value = "N/A"; VariantName = "[No Variations]"
Change component parameters (AddParameter): Name = "Body Orientation"; Value = "Straight"; VariantName = "[No Variations]"
Change component parameters (AddParameter): Name = "ComponentLink1Description"; Value = "http://www.onlinecomponents.com/productFiles/mf-OM/en-b3fs.pdf"; VariantName = "[No Variations]"
Change component parameters (AddParameter): Name = "ComponentLink1URL"; Value = "http://www.onlinecomponents.com/productFiles/mf-OM/en-b3fs.pdf"; VariantName = "[No Variations]"
Change component parameters (AddParameter): Name = "ComponentLink2Description"; Value = "http://www.farnell.com/datasheets/1518732.pdf"; VariantName = "[No Variations]"
Change component parameters (AddParameter): Name = "ComponentLink2URL"; Value = "http://www.farnell.com/datasheets/1518732.pdf"; VariantName = "[No Variations]"
Change component parameters (AddParameter): Name = "ComponentLink3Description"; Value = "http://omronfs.omron.com/en_US/ecb/products/pdf/en-b3fs.pdf"; VariantName = "[No Variations]"
Change component parameters (AddParameter): Name = "ComponentLink3URL"; Value = "http://omronfs.omron.com/en_US/ecb/products/pdf/en-b3fs.pdf"; VariantName = "[No Variations]"
Change component parameters (AddParameter): Name = "Contact Material"; Value = "N/A"; VariantName = "[No Variations]"
Change component parameters (AddParameter): Name = "Contact Plating"; Value = "Silver"; VariantName = "[No Variations]"
Change component parameters (AddParameter): Name = "Contact Rating @ Voltage"; Value = "0.05@24VDC A"; VariantName = "[No Variations]"
Change component parameters (AddParameter): Name = "Dielectric Strength"; Value = "250 VAC"; VariantName = "[No Variations]"
Change component parameters (AddParameter): Name = "Dimension"; Value = "6.3 x 8 x 7.3 mm"; VariantName = "[No Variations]"
Change component parameters (AddParameter): Name = "Electrical Life"; Value = "1000000 Cycles"; VariantName = "[No Variations]"
Change component parameters (AddParameter): Name = "Family"; Value = "B3FS"; VariantName = "[No Variations]"
Change component parameters (AddParameter): Name = "Ground Terminal"; Value = "No"; VariantName = "[No Variations]"
Change component parameters (AddParameter): Name = "Housing Material"; Value = "N/A"; VariantName = "[No Variations]"
Change component parameters (AddParameter): Name = "Illumination Type"; Value = "N/R"; VariantName = "[No Variations]"
Change component parameters (AddParameter): Name = "Manufacturer"; Value = "Omron"; VariantName = "[No Variations]"
Change component parameters (AddParameter): Name = "Manufacturer Part Number"; Value = "B3FS-1050"; VariantName = "[No Variations]"
Change component parameters (AddParameter): Name = "Maximum AC Voltage Rating"; Value = "N/A"; VariantName = "[No Variations]"
Change component parameters (AddParameter): Name = "Maximum Contact Resistance"; Value = "100 mOhm"; VariantName = "[No Variations]"
Change component parameters (AddParameter): Name = "Maximum DC Voltage Rating"; Value = "24 V"; VariantName = "[No Variations]"
Change component parameters (AddParameter): Name = "Mechanical Life"; Value = "N/A"; VariantName = "[No Variations]"
Change component parameters (AddParameter): Name = "Minimum Insulation Resistance"; Value = "100 MOhm"; VariantName = "[No Variations]"
Change component parameters (AddParameter): Name = "Mounting"; Value = "Surface Mount,Gull Wing"; VariantName = "[No Variations]"
Change component parameters (AddParameter): Name = "Operating Force"; Value = "0.98 N"; VariantName = "[No Variations]"
Change component parameters (AddParameter): Name = "Operating Temperature"; Value = "-25 to 70 C"; VariantName = "[No Variations]"
Change component parameters (AddParameter): Name = "Packaging"; Value = "Bag"; VariantName = "[No Variations]"
Change component parameters (AddParameter): Name = "Part No"; Value = "B3FS-1050"; VariantName = "[No Variations]"
Change component parameters (AddParameter): Name = "Pole Throw Configuration"; Value = "SPST"; VariantName = "[No Variations]"
Change component parameters (AddParameter): Name = "Pricing 1"; Value = "5=1.6, 100=1.52, 250=1.44, 1000=1.12, 2500=1.04 (GBP)"; VariantName = "[No Variations]"
Change component parameters (AddParameter): Name = "Product Weight"; Value = "0.2 g"; VariantName = "[No Variations]"
Change component parameters (AddParameter): Name = "RoHS"; Value = "Yes"; VariantName = "[No Variations]"
Change component parameters (AddParameter): Name = "Seal Description"; Value = "N/A"; VariantName = "[No Variations]"
Change component parameters (AddParameter): Name = "Seal Location"; Value = "N/A"; VariantName = "[No Variations]"
Change component parameters (AddParameter): Name = "Stock 1"; Value = "1716"; VariantName = "[No Variations]"
Change component parameters (AddParameter): Name = "Supplier 1"; Value = "Farnell"; VariantName = "[No Variations]"
Change component parameters (AddParameter): Name = "Supplier Part Number 1"; Value = "3121185"; VariantName = "[No Variations]"
Change component parameters (AddParameter): Name = "Switch Configuration"; Value = "N.O."; VariantName = "[No Variations]"
Change component parameters (AddParameter): Name = "Type"; Value = "N/A"; VariantName = "[No Variations]"
Change component parameters: Designator = "B2"; Footprint = "B3F-1050"; UniqueID = "\JXXSXMTN"
Change component parameters. Clean all parameters for all variants
Change component parameters (AddParameter): Name = "Actuator Color"; Value = "Black"; VariantName = "[No Variations]"
Change component parameters (AddParameter): Name = "Actuator Length"; Value = "4.7 mm"; VariantName = "[No Variations]"
Change component parameters (AddParameter): Name = "Actuator Style"; Value = "Projected Plunger"; VariantName = "[No Variations]"
Change component parameters (AddParameter): Name = "Base Material"; Value = "N/A"; VariantName = "[No Variations]"
Change component parameters (AddParameter): Name = "Body Orientation"; Value = "Straight"; VariantName = "[No Variations]"
Change component parameters (AddParameter): Name = "ComponentLink1Description"; Value = "http://www.onlinecomponents.com/productFiles/mf-OM/en-b3fs.pdf"; VariantName = "[No Variations]"
Change component parameters (AddParameter): Name = "ComponentLink1URL"; Value = "http://www.onlinecomponents.com/productFiles/mf-OM/en-b3fs.pdf"; VariantName = "[No Variations]"
Change component parameters (AddParameter): Name = "ComponentLink2Description"; Value = "http://www.farnell.com/datasheets/1518732.pdf"; VariantName = "[No Variations]"
Change component parameters (AddParameter): Name = "ComponentLink2URL"; Value = "http://www.farnell.com/datasheets/1518732.pdf"; VariantName = "[No Variations]"
Change component parameters (AddParameter): Name = "ComponentLink3Description"; Value = "http://omronfs.omron.com/en_US/ecb/products/pdf/en-b3fs.pdf"; VariantName = "[No Variations]"
Change component parameters (AddParameter): Name = "ComponentLink3URL"; Value = "http://omronfs.omron.com/en_US/ecb/products/pdf/en-b3fs.pdf"; VariantName = "[No Variations]"
Change component parameters (AddParameter): Name = "Contact Material"; Value = "N/A"; VariantName = "[No Variations]"
Change component parameters (AddParameter): Name = "Contact Plating"; Value = "Silver"; VariantName = "[No Variations]"
Change component parameters (AddParameter): Name = "Contact Rating @ Voltage"; Value = "0.05@24VDC A"; VariantName = "[No Variations]"
Change component parameters (AddParameter): Name = "Dielectric Strength"; Value = "250 VAC"; VariantName = "[No Variations]"
Change component parameters (AddParameter): Name = "Dimension"; Value = "6.3 x 8 x 7.3 mm"; VariantName = "[No Variations]"
Change component parameters (AddParameter): Name = "Electrical Life"; Value = "1000000 Cycles"; VariantName = "[No Variations]"
Change component parameters (AddParameter): Name = "Family"; Value = "B3FS"; VariantName = "[No Variations]"
Change component parameters (AddParameter): Name = "Ground Terminal"; Value = "No"; VariantName = "[No Variations]"
Change component parameters (AddParameter): Name = "Housing Material"; Value = "N/A"; VariantName = "[No Variations]"
Change component parameters (AddParameter): Name = "Illumination Type"; Value = "N/R"; VariantName = "[No Variations]"
Change component parameters (AddParameter): Name = "Manufacturer"; Value = "Omron"; VariantName = "[No Variations]"
Change component parameters (AddParameter): Name = "Manufacturer Part Number"; Value = "B3FS-1050"; VariantName = "[No Variations]"
Change component parameters (AddParameter): Name = "Maximum AC Voltage Rating"; Value = "N/A"; VariantName = "[No Variations]"
Change component parameters (AddParameter): Name = "Maximum Contact Resistance"; Value = "100 mOhm"; VariantName = "[No Variations]"
Change component parameters (AddParameter): Name = "Maximum DC Voltage Rating"; Value = "24 V"; VariantName = "[No Variations]"
Change component parameters (AddParameter): Name = "Mechanical Life"; Value = "N/A"; VariantName = "[No Variations]"
Change component parameters (AddParameter): Name = "Minimum Insulation Resistance"; Value = "100 MOhm"; VariantName = "[No Variations]"
Change component parameters (AddParameter): Name = "Mounting"; Value = "Surface Mount,Gull Wing"; VariantName = "[No Variations]"
Change component parameters (AddParameter): Name = "Operating Force"; Value = "0.98 N"; VariantName = "[No Variations]"
Change component parameters (AddParameter): Name = "Operating Temperature"; Value = "-25 to 70 C"; VariantName = "[No Variations]"
Change component parameters (AddParameter): Name = "Packaging"; Value = "Bag"; VariantName = "[No Variations]"
Change component parameters (AddParameter): Name = "Part No"; Value = "B3FS-1050"; VariantName = "[No Variations]"
Change component parameters (AddParameter): Name = "Pole Throw Configuration"; Value = "SPST"; VariantName = "[No Variations]"
Change component parameters (AddParameter): Name = "Pricing 1"; Value = "5=1.6, 100=1.52, 250=1.44, 1000=1.12, 2500=1.04 (GBP)"; VariantName = "[No Variations]"
Change component parameters (AddParameter): Name = "Product Weight"; Value = "0.2 g"; VariantName = "[No Variations]"
Change component parameters (AddParameter): Name = "RoHS"; Value = "Yes"; VariantName = "[No Variations]"
Change component parameters (AddParameter): Name = "Seal Description"; Value = "N/A"; VariantName = "[No Variations]"
Change component parameters (AddParameter): Name = "Seal Location"; Value = "N/A"; VariantName = "[No Variations]"
Change component parameters (AddParameter): Name = "Stock 1"; Value = "1716"; VariantName = "[No Variations]"
Change component parameters (AddParameter): Name = "Supplier 1"; Value = "Farnell"; VariantName = "[No Variations]"
Change component parameters (AddParameter): Name = "Supplier Part Number 1"; Value = "3121185"; VariantName = "[No Variations]"
Change component parameters (AddParameter): Name = "Switch Configuration"; Value = "N.O."; VariantName = "[No Variations]"
Change component parameters (AddParameter): Name = "Type"; Value = "N/A"; VariantName = "[No Variations]"
Change component parameters: Designator = "B3"; Footprint = "B3F-1050"; UniqueID = "\QEOWOOXN"
Change component parameters. Clean all parameters for all variants
Change component parameters (AddParameter): Name = "Actuator Color"; Value = "Black"; VariantName = "[No Variations]"
Change component parameters (AddParameter): Name = "Actuator Length"; Value = "4.7 mm"; VariantName = "[No Variations]"
Change component parameters (AddParameter): Name = "Actuator Style"; Value = "Projected Plunger"; VariantName = "[No Variations]"
Change component parameters (AddParameter): Name = "Base Material"; Value = "N/A"; VariantName = "[No Variations]"
Change component parameters (AddParameter): Name = "Body Orientation"; Value = "Straight"; VariantName = "[No Variations]"
Change component parameters (AddParameter): Name = "ComponentLink1Description"; Value = "http://www.onlinecomponents.com/productFiles/mf-OM/en-b3fs.pdf"; VariantName = "[No Variations]"
Change component parameters (AddParameter): Name = "ComponentLink1URL"; Value = "http://www.onlinecomponents.com/productFiles/mf-OM/en-b3fs.pdf"; VariantName = "[No Variations]"
Change component parameters (AddParameter): Name = "ComponentLink2Description"; Value = "http://www.farnell.com/datasheets/1518732.pdf"; VariantName = "[No Variations]"
Change component parameters (AddParameter): Name = "ComponentLink2URL"; Value = "http://www.farnell.com/datasheets/1518732.pdf"; VariantName = "[No Variations]"
Change component parameters (AddParameter): Name = "ComponentLink3Description"; Value = "http://omronfs.omron.com/en_US/ecb/products/pdf/en-b3fs.pdf"; VariantName = "[No Variations]"
Change component parameters (AddParameter): Name = "ComponentLink3URL"; Value = "http://omronfs.omron.com/en_US/ecb/products/pdf/en-b3fs.pdf"; VariantName = "[No Variations]"
Change component parameters (AddParameter): Name = "Contact Material"; Value = "N/A"; VariantName = "[No Variations]"
Change component parameters (AddParameter): Name = "Contact Plating"; Value = "Silver"; VariantName = "[No Variations]"
Change component parameters (AddParameter): Name = "Contact Rating @ Voltage"; Value = "0.05@24VDC A"; VariantName = "[No Variations]"
Change component parameters (AddParameter): Name = "Dielectric Strength"; Value = "250 VAC"; VariantName = "[No Variations]"
Change component parameters (AddParameter): Name = "Dimension"; Value = "6.3 x 8 x 7.3 mm"; VariantName = "[No Variations]"
Change component parameters (AddParameter): Name = "Electrical Life"; Value = "1000000 Cycles"; VariantName = "[No Variations]"
Change component parameters (AddParameter): Name = "Family"; Value = "B3FS"; VariantName = "[No Variations]"
Change component parameters (AddParameter): Name = "Ground Terminal"; Value = "No"; VariantName = "[No Variations]"
Change component parameters (AddParameter): Name = "Housing Material"; Value = "N/A"; VariantName = "[No Variations]"
Change component parameters (AddParameter): Name = "Illumination Type"; Value = "N/R"; VariantName = "[No Variations]"
Change component parameters (AddParameter): Name = "Manufacturer"; Value = "Omron"; VariantName = "[No Variations]"
Change component parameters (AddParameter): Name = "Manufacturer Part Number"; Value = "B3FS-1050"; VariantName = "[No Variations]"
Change component parameters (AddParameter): Name = "Maximum AC Voltage Rating"; Value = "N/A"; VariantName = "[No Variations]"
Change component parameters (AddParameter): Name = "Maximum Contact Resistance"; Value = "100 mOhm"; VariantName = "[No Variations]"
Change component parameters (AddParameter): Name = "Maximum DC Voltage Rating"; Value = "24 V"; VariantName = "[No Variations]"
Change component parameters (AddParameter): Name = "Mechanical Life"; Value = "N/A"; VariantName = "[No Variations]"
Change component parameters (AddParameter): Name = "Minimum Insulation Resistance"; Value = "100 MOhm"; VariantName = "[No Variations]"
Change component parameters (AddParameter): Name = "Mounting"; Value = "Surface Mount,Gull Wing"; VariantName = "[No Variations]"
Change component parameters (AddParameter): Name = "Operating Force"; Value = "0.98 N"; VariantName = "[No Variations]"
Change component parameters (AddParameter): Name = "Operating Temperature"; Value = "-25 to 70 C"; VariantName = "[No Variations]"
Change component parameters (AddParameter): Name = "Packaging"; Value = "Bag"; VariantName = "[No Variations]"
Change component parameters (AddParameter): Name = "Part No"; Value = "B3FS-1050"; VariantName = "[No Variations]"
Change component parameters (AddParameter): Name = "Pole Throw Configuration"; Value = "SPST"; VariantName = "[No Variations]"
Change component parameters (AddParameter): Name = "Pricing 1"; Value = "5=1.6, 100=1.52, 250=1.44, 1000=1.12, 2500=1.04 (GBP)"; VariantName = "[No Variations]"
Change component parameters (AddParameter): Name = "Product Weight"; Value = "0.2 g"; VariantName = "[No Variations]"
Change component parameters (AddParameter): Name = "RoHS"; Value = "Yes"; VariantName = "[No Variations]"
Change component parameters (AddParameter): Name = "Seal Description"; Value = "N/A"; VariantName = "[No Variations]"
Change component parameters (AddParameter): Name = "Seal Location"; Value = "N/A"; VariantName = "[No Variations]"
Change component parameters (AddParameter): Name = "Stock 1"; Value = "1716"; VariantName = "[No Variations]"
Change component parameters (AddParameter): Name = "Supplier 1"; Value = "Farnell"; VariantName = "[No Variations]"
Change component parameters (AddParameter): Name = "Supplier Part Number 1"; Value = "3121185"; VariantName = "[No Variations]"
Change component parameters (AddParameter): Name = "Switch Configuration"; Value = "N.O."; VariantName = "[No Variations]"
Change component parameters (AddParameter): Name = "Type"; Value = "N/A"; VariantName = "[No Variations]"
Change component parameters: Designator = "B4"; Footprint = "B3F-1050"; UniqueID = "\SNDAAIGH"
Change component parameters. Clean all parameters for all variants
Change component parameters (AddParameter): Name = "Actuator Color"; Value = "Black"; VariantName = "[No Variations]"
Change component parameters (AddParameter): Name = "Actuator Length"; Value = "4.7 mm"; VariantName = "[No Variations]"
Change component parameters (AddParameter): Name = "Actuator Style"; Value = "Projected Plunger"; VariantName = "[No Variations]"
Change component parameters (AddParameter): Name = "Base Material"; Value = "N/A"; VariantName = "[No Variations]"
Change component parameters (AddParameter): Name = "Body Orientation"; Value = "Straight"; VariantName = "[No Variations]"
Change component parameters (AddParameter): Name = "ComponentLink1Description"; Value = "http://www.onlinecomponents.com/productFiles/mf-OM/en-b3fs.pdf"; VariantName = "[No Variations]"
Change component parameters (AddParameter): Name = "ComponentLink1URL"; Value = "http://www.onlinecomponents.com/productFiles/mf-OM/en-b3fs.pdf"; VariantName = "[No Variations]"
Change component parameters (AddParameter): Name = "ComponentLink2Description"; Value = "http://www.farnell.com/datasheets/1518732.pdf"; VariantName = "[No Variations]"
Change component parameters (AddParameter): Name = "ComponentLink2URL"; Value = "http://www.farnell.com/datasheets/1518732.pdf"; VariantName = "[No Variations]"
Change component parameters (AddParameter): Name = "ComponentLink3Description"; Value = "http://omronfs.omron.com/en_US/ecb/products/pdf/en-b3fs.pdf"; VariantName = "[No Variations]"
Change component parameters (AddParameter): Name = "ComponentLink3URL"; Value = "http://omronfs.omron.com/en_US/ecb/products/pdf/en-b3fs.pdf"; VariantName = "[No Variations]"
Change component parameters (AddParameter): Name = "Contact Material"; Value = "N/A"; VariantName = "[No Variations]"
Change component parameters (AddParameter): Name = "Contact Plating"; Value = "Silver"; VariantName = "[No Variations]"
Change component parameters (AddParameter): Name = "Contact Rating @ Voltage"; Value = "0.05@24VDC A"; VariantName = "[No Variations]"
Change component parameters (AddParameter): Name = "Dielectric Strength"; Value = "250 VAC"; VariantName = "[No Variations]"
Change component parameters (AddParameter): Name = "Dimension"; Value = "6.3 x 8 x 7.3 mm"; VariantName = "[No Variations]"
Change component parameters (AddParameter): Name = "Electrical Life"; Value = "1000000 Cycles"; VariantName = "[No Variations]"
Change component parameters (AddParameter): Name = "Family"; Value = "B3FS"; VariantName = "[No Variations]"
Change component parameters (AddParameter): Name = "Ground Terminal"; Value = "No"; VariantName = "[No Variations]"
Change component parameters (AddParameter): Name = "Housing Material"; Value = "N/A"; VariantName = "[No Variations]"
Change component parameters (AddParameter): Name = "Illumination Type"; Value = "N/R"; VariantName = "[No Variations]"
Change component parameters (AddParameter): Name = "Manufacturer"; Value = "Omron"; VariantName = "[No Variations]"
Change component parameters (AddParameter): Name = "Manufacturer Part Number"; Value = "B3FS-1050"; VariantName = "[No Variations]"
Change component parameters (AddParameter): Name = "Maximum AC Voltage Rating"; Value = "N/A"; VariantName = "[No Variations]"
Change component parameters (AddParameter): Name = "Maximum Contact Resistance"; Value = "100 mOhm"; VariantName = "[No Variations]"
Change component parameters (AddParameter): Name = "Maximum DC Voltage Rating"; Value = "24 V"; VariantName = "[No Variations]"
Change component parameters (AddParameter): Name = "Mechanical Life"; Value = "N/A"; VariantName = "[No Variations]"
Change component parameters (AddParameter): Name = "Minimum Insulation Resistance"; Value = "100 MOhm"; VariantName = "[No Variations]"
Change component parameters (AddParameter): Name = "Mounting"; Value = "Surface Mount,Gull Wing"; VariantName = "[No Variations]"
Change component parameters (AddParameter): Name = "Operating Force"; Value = "0.98 N"; VariantName = "[No Variations]"
Change component parameters (AddParameter): Name = "Operating Temperature"; Value = "-25 to 70 C"; VariantName = "[No Variations]"
Change component parameters (AddParameter): Name = "Packaging"; Value = "Bag"; VariantName = "[No Variations]"
Change component parameters (AddParameter): Name = "Part No"; Value = "B3FS-1050"; VariantName = "[No Variations]"
Change component parameters (AddParameter): Name = "Pole Throw Configuration"; Value = "SPST"; VariantName = "[No Variations]"
Change component parameters (AddParameter): Name = "Pricing 1"; Value = "5=1.6, 100=1.52, 250=1.44, 1000=1.12, 2500=1.04 (GBP)"; VariantName = "[No Variations]"
Change component parameters (AddParameter): Name = "Product Weight"; Value = "0.2 g"; VariantName = "[No Variations]"
Change component parameters (AddParameter): Name = "RoHS"; Value = "Yes"; VariantName = "[No Variations]"
Change component parameters (AddParameter): Name = "Seal Description"; Value = "N/A"; VariantName = "[No Variations]"
Change component parameters (AddParameter): Name = "Seal Location"; Value = "N/A"; VariantName = "[No Variations]"
Change component parameters (AddParameter): Name = "Stock 1"; Value = "1716"; VariantName = "[No Variations]"
Change component parameters (AddParameter): Name = "Supplier 1"; Value = "Farnell"; VariantName = "[No Variations]"
Change component parameters (AddParameter): Name = "Supplier Part Number 1"; Value = "3121185"; VariantName = "[No Variations]"
Change component parameters (AddParameter): Name = "Switch Configuration"; Value = "N.O."; VariantName = "[No Variations]"
Change component parameters (AddParameter): Name = "Type"; Value = "N/A"; VariantName = "[No Variations]"
Change Class Name : Old Net Name=Front_PCB New Net Name=PAGE2-Front_PCB
